/usr/local/lib/ruby/gems/1.8/gems/activesupport-3.2.11/lib/active_support/dependencies.rb:251:in `require': no such file to load -- dispatcher (LoadError)
	from /usr/local/lib/ruby/gems/1.8/gems/activesupport-3.2.11/lib/active_support/dependencies.rb:251:in `require'
	from /usr/local/lib/ruby/gems/1.8/gems/activesupport-3.2.11/lib/active_support/dependencies.rb:236:in `load_dependency'
	from /usr/local/lib/ruby/gems/1.8/gems/activesupport-3.2.11/lib/active_support/dependencies.rb:251:in `require'
	from /var/www/redmine/plugins/redmine_issues_group-origin/init.rb:3
	from /usr/local/lib/ruby/gems/1.8/gems/activesupport-3.2.11/lib/active_support/dependencies.rb:251:in `require'
	from /usr/local/lib/ruby/gems/1.8/gems/activesupport-3.2.11/lib/active_support/dependencies.rb:251:in `require'
	from /usr/local/lib/ruby/gems/1.8/gems/activesupport-3.2.11/lib/active_support/dependencies.rb:236:in `load_dependency'
	from /usr/local/lib/ruby/gems/1.8/gems/activesupport-3.2.11/lib/active_support/dependencies.rb:251:in `require'
	from /var/www/redmine/lib/redmine/plugin.rb:130:in `load'
	from /var/www/redmine/lib/redmine/plugin.rb:121:in `each'
	from /var/www/redmine/lib/redmine/plugin.rb:121:in `load'
	from /var/www/redmine/config/initializers/30-redmine.rb:12
	from /usr/local/lib/ruby/gems/1.8/gems/activesupport-3.2.11/lib/active_support/dependencies.rb:245:in `load'
	from /usr/local/lib/ruby/gems/1.8/gems/activesupport-3.2.11/lib/active_support/dependencies.rb:245:in `load'
	from /usr/local/lib/ruby/gems/1.8/gems/activesupport-3.2.11/lib/active_support/dependencies.rb:236:in `load_dependency'
	from /usr/local/lib/ruby/gems/1.8/gems/activesupport-3.2.11/lib/active_support/dependencies.rb:245:in `load'
	from /usr/local/lib/ruby/gems/1.8/gems/railties-3.2.11/lib/rails/engine.rb:588
	from /usr/local/lib/ruby/gems/1.8/gems/railties-3.2.11/lib/rails/engine.rb:587:in `each'
	from /usr/local/lib/ruby/gems/1.8/gems/railties-3.2.11/lib/rails/engine.rb:587
	from /usr/local/lib/ruby/gems/1.8/gems/railties-3.2.11/lib/rails/initializable.rb:30:in `instance_exec'
	from /usr/local/lib/ruby/gems/1.8/gems/railties-3.2.11/lib/rails/initializable.rb:30:in `run'
	from /usr/local/lib/ruby/gems/1.8/gems/railties-3.2.11/lib/rails/initializable.rb:55:in `run_initializers'
	from /usr/local/lib/ruby/gems/1.8/gems/railties-3.2.11/lib/rails/initializable.rb:54:in `each'
	from /usr/local/lib/ruby/gems/1.8/gems/railties-3.2.11/lib/rails/initializable.rb:54:in `run_initializers'
	from /usr/local/lib/ruby/gems/1.8/gems/railties-3.2.11/lib/rails/application.rb:136:in `initialize!'
	from /usr/local/lib/ruby/gems/1.8/gems/railties-3.2.11/lib/rails/railtie/configurable.rb:30:in `send'
	from /usr/local/lib/ruby/gems/1.8/gems/railties-3.2.11/lib/rails/railtie/configurable.rb:30:in `method_missing'
	from /var/www/redmine/config/environment.rb:14
	from /var/www/redmine/config.ru:3:in `require'
	from /var/www/redmine/config.ru:3
	from /usr/local/lib/ruby/gems/1.8/gems/rack-1.4.5/lib/rack/builder.rb:51:in `instance_eval'
	from /usr/local/lib/ruby/gems/1.8/gems/rack-1.4.5/lib/rack/builder.rb:51:in `initialize'
	from /var/www/redmine/config.ru:0:in `new'
	from /var/www/redmine/config.ru:0
=> Booting WEBrick
=> Rails 3.2.11 application starting in production on http://0.0.0.0:3000
=> Call with -d to detach
=> Ctrl-C to shutdown server
Exiting
[2013-02-14 08:30:39] INFO  WEBrick 1.3.1
[2013-02-14 08:30:39] INFO  ruby 1.8.7 (2012-02-08) [x86_64-linux]
[2013-02-14 08:30:39] INFO  WEBrick::HTTPServer#start: pid=18531 port=3000
sh: svn: command not found
sh: darcs: command not found
sh: hg: command not found
sh: bzr: command not found
sh: git: command not found
=> Booting WEBrick
=> Rails 3.2.11 application starting in production on http://0.0.0.0:3000
=> Call with -d to detach
=> Ctrl-C to shutdown server
Started GET "/" for 178.176.224.236 at Thu Feb 14 08:30:52 +0200 2013
Processing by WelcomeController#index as HTML
  Current user: admin (id=1)
  Rendered welcome/index.html.erb within layouts/base (79.6ms)
Completed 200 OK in 557ms (Views: 383.8ms | ActiveRecord: 33.4ms)
Started GET "/users/1" for 178.176.224.236 at Thu Feb 14 08:31:03 +0200 2013
Processing by UsersController#show as HTML
  Parameters: {"id"=>"1"}
  Current user: admin (id=1)
  Rendered users/show.html.erb within layouts/base (18.5ms)
Completed 200 OK in 100ms (Views: 42.5ms | ActiveRecord: 11.9ms)
Started GET "/admin" for 178.176.224.236 at Thu Feb 14 08:31:06 +0200 2013
Processing by AdminController#index as HTML
  Current user: admin (id=1)
  Rendered admin/_menu.html.erb (77.0ms)
  Rendered admin/index.html.erb within layouts/admin (95.4ms)
  Rendered layouts/base.html.erb (7.7ms)
Completed 200 OK in 120ms (Views: 106.3ms | ActiveRecord: 1.1ms)
Started GET "/settings" for 178.176.224.236 at Thu Feb 14 08:31:11 +0200 2013
Processing by SettingsController#index as HTML
  Current user: admin (id=1)
  Rendered settings/_general.html.erb (19.0ms)
  Rendered settings/_display.html.erb (16.0ms)
  Rendered settings/_authentication.html.erb (10.7ms)
  Rendered settings/_projects.html.erb (10.4ms)
  Rendered queries/_columns.html.erb (77.0ms)
  Rendered settings/_issues.html.erb (182.1ms)
  Rendered settings/_notifications.html.erb (12.6ms)
  Rendered settings/_mail_handler.html.erb (3.9ms)
  Rendered settings/_repositories.html.erb (178.1ms)
  Rendered common/_tabs.html.erb (505.2ms)
  Rendered settings/edit.html.erb within layouts/admin (535.5ms)
  Rendered admin/_menu.html.erb (3.0ms)
  Rendered layouts/base.html.erb (7.9ms)
Completed 200 OK in 554ms (Views: 541.0ms | ActiveRecord: 9.0ms)
Started GET "/" for 178.176.224.236 at Thu Feb 14 09:23:07 +0200 2013
Processing by WelcomeController#index as HTML
  Current user: admin (id=1)
  Rendered welcome/index.html.erb within layouts/base (11.4ms)
Completed 200 OK in 29ms (Views: 20.1ms | ActiveRecord: 1.7ms)
Started GET "/projects/tz_pulsini" for 178.176.224.236 at Thu Feb 14 09:23:22 +0200 2013
Processing by ProjectsController#show as HTML
  Parameters: {"id"=>"tz_pulsini"}
  Current user: admin (id=1)
  Rendered projects/_members_box.html.erb (0.3ms)
  Rendered projects/show.html.erb within layouts/base (80.2ms)
Completed 200 OK in 192ms (Views: 119.7ms | ActiveRecord: 22.8ms)
Started GET "/projects" for 178.176.224.236 at Thu Feb 14 09:23:30 +0200 2013
Processing by ProjectsController#index as HTML
  Current user: admin (id=1)
  Rendered projects/index.html.erb within layouts/base (48.9ms)
Completed 200 OK in 65ms (Views: 58.6ms | ActiveRecord: 1.5ms)
Started GET "/admin" for 178.176.224.236 at Thu Feb 14 09:23:40 +0200 2013
Processing by AdminController#index as HTML
  Current user: admin (id=1)
  Rendered admin/_menu.html.erb (3.8ms)
  Rendered admin/index.html.erb within layouts/admin (4.3ms)
  Rendered layouts/base.html.erb (7.9ms)
Completed 200 OK in 85ms (Views: 80.8ms | ActiveRecord: 0.8ms)
Started GET "/users" for 178.176.224.236 at Thu Feb 14 09:23:42 +0200 2013
Processing by UsersController#index as HTML
  Current user: admin (id=1)
  Rendered users/index.html.erb within layouts/admin (14.5ms)
  Rendered admin/_menu.html.erb (7.4ms)
  Rendered layouts/base.html.erb (11.0ms)
Completed 200 OK in 73ms (Views: 46.0ms | ActiveRecord: 2.1ms)
Started GET "/my/page" for 178.176.224.236 at Thu Feb 14 09:30:48 +0200 2013
Processing by MyController#page as HTML
  Current user: admin (id=1)
  Rendered issues/_list_simple.html.erb (1.1ms)
  Rendered my/blocks/_issuesassignedtome.html.erb (51.2ms)
  Rendered issues/_list_simple.html.erb (0.1ms)
  Rendered my/blocks/_issuesreportedbyme.html.erb (6.7ms)
  Rendered my/page.html.erb within layouts/base (139.7ms)
Completed 200 OK in 158ms (Views: 139.7ms | ActiveRecord: 14.4ms)
Started GET "/projects" for 178.176.224.236 at Thu Feb 14 09:30:51 +0200 2013
Processing by ProjectsController#index as HTML
  Current user: admin (id=1)
  Rendered projects/index.html.erb within layouts/base (19.7ms)
Completed 200 OK in 31ms (Views: 24.3ms | ActiveRecord: 1.4ms)
Started GET "/" for 178.176.224.236 at Thu Feb 14 09:30:53 +0200 2013
Processing by WelcomeController#index as HTML
  Current user: admin (id=1)
  Rendered welcome/index.html.erb within layouts/base (11.0ms)
Completed 200 OK in 28ms (Views: 19.5ms | ActiveRecord: 1.6ms)
Started GET "/projects/tz_zavtra_v_tur" for 178.176.224.236 at Thu Feb 14 09:30:59 +0200 2013
Processing by ProjectsController#show as HTML
  Parameters: {"id"=>"tz_zavtra_v_tur"}
  Current user: admin (id=1)
  Rendered projects/_members_box.html.erb (0.1ms)
  Rendered projects/show.html.erb within layouts/base (5.1ms)
Completed 200 OK in 112ms (Views: 20.7ms | ActiveRecord: 7.9ms)
Started GET "/projects/tz_zavtra_v_tur/issues/new" for 178.176.224.236 at Thu Feb 14 09:31:04 +0200 2013
Processing by IssuesController#new as HTML
  Parameters: {"project_id"=>"tz_zavtra_v_tur"}
  Current user: admin (id=1)
  Rendered issues/_form_custom_fields.html.erb (9.6ms)
  Rendered issues/_attributes.html.erb (140.9ms)
  Rendered issues/_form.html.erb (161.6ms)
  Rendered attachments/_form.html.erb (3.4ms)
  Rendered issues/new.html.erb within layouts/base (193.5ms)
Completed 200 OK in 379ms (Views: 230.3ms | ActiveRecord: 16.4ms)
Started GET "/projects/tz_zavtra_v_tur/issues" for 178.176.224.236 at Thu Feb 14 09:31:06 +0200 2013
Processing by IssuesController#index as HTML
  Parameters: {"project_id"=>"tz_zavtra_v_tur"}
  Current user: admin (id=1)
  Rendered queries/_filters.html.erb (21.4ms)
  Rendered queries/_columns.html.erb (3.6ms)
  Rendered issues/_sidebar.html.erb (4.1ms)
  Rendered issues/index.html.erb within layouts/base (43.0ms)
Completed 200 OK in 162ms (Views: 57.2ms | ActiveRecord: 5.4ms)
Started GET "/projects/tz_zavtra_v_tur/activity" for 178.176.224.236 at Thu Feb 14 09:31:08 +0200 2013
Processing by ActivitiesController#index as HTML
  Parameters: {"id"=>"tz_zavtra_v_tur"}
  Current user: admin (id=1)
  Rendered activities/index.html.erb within layouts/base (9.3ms)
Completed 200 OK in 167ms (Views: 40.9ms | ActiveRecord: 5.2ms)
Started GET "/projects/tz_zavtra_v_tur/activity" for 178.176.224.236 at Thu Feb 14 09:45:01 +0200 2013
Processing by ActivitiesController#index as HTML
  Parameters: {"id"=>"tz_zavtra_v_tur"}
  Current user: admin (id=1)
  Rendered activities/index.html.erb within layouts/base (6.9ms)
Completed 200 OK in 127ms (Views: 92.4ms | ActiveRecord: 3.7ms)
Started GET "/" for 178.176.224.236 at Thu Feb 14 09:45:10 +0200 2013
Processing by WelcomeController#index as HTML
  Current user: admin (id=1)
  Rendered welcome/index.html.erb within layouts/base (11.1ms)
Completed 200 OK in 27ms (Views: 17.2ms | ActiveRecord: 1.7ms)
Started GET "/" for 93.125.26.31 at Thu Feb 14 09:46:25 +0200 2013
Processing by WelcomeController#index as HTML
  Current user: admin (id=1)
  Rendered welcome/index.html.erb within layouts/base (11.2ms)
Completed 200 OK in 31ms (Views: 22.2ms | ActiveRecord: 1.8ms)
Started GET "/" for 178.176.224.236 at Thu Feb 14 09:48:29 +0200 2013
Processing by WelcomeController#index as HTML
  Current user: admin (id=1)
  Rendered welcome/index.html.erb within layouts/base (8.3ms)
Completed 200 OK in 93ms (Views: 84.7ms | ActiveRecord: 1.6ms)
Started GET "/" for 178.176.224.236 at Thu Feb 14 09:52:01 +0200 2013
Processing by WelcomeController#index as HTML
  Current user: admin (id=1)
  Rendered welcome/index.html.erb within layouts/base (10.9ms)
Completed 200 OK in 26ms (Views: 17.0ms | ActiveRecord: 1.7ms)
Started GET "/projects/tz_pulsini" for 178.176.224.236 at Thu Feb 14 09:52:13 +0200 2013
Processing by ProjectsController#show as HTML
  Parameters: {"id"=>"tz_pulsini"}
  Current user: admin (id=1)
  Rendered projects/_members_box.html.erb (0.0ms)
  Rendered projects/show.html.erb within layouts/base (4.8ms)
Completed 200 OK in 121ms (Views: 91.4ms | ActiveRecord: 3.9ms)
Started GET "/" for 178.176.224.236 at Thu Feb 14 10:04:22 +0200 2013
Processing by WelcomeController#index as HTML
  Current user: admin (id=1)
  Rendered welcome/index.html.erb within layouts/base (11.5ms)
Completed 200 OK in 30ms (Views: 20.2ms | ActiveRecord: 1.7ms)
Started GET "/projects" for 178.176.224.236 at Thu Feb 14 10:04:26 +0200 2013
Processing by ProjectsController#index as HTML
  Current user: admin (id=1)
  Rendered projects/index.html.erb within layouts/base (22.9ms)
Completed 200 OK in 34ms (Views: 27.5ms | ActiveRecord: 1.4ms)
Started GET "/" for 178.176.224.236 at Thu Feb 14 10:54:17 +0200 2013
Processing by WelcomeController#index as HTML
  Current user: admin (id=1)
  Rendered welcome/index.html.erb within layouts/base (10.9ms)
Completed 200 OK in 98ms (Views: 89.4ms | ActiveRecord: 1.8ms)
Started GET "/" for 178.176.224.236 at Thu Feb 14 11:05:07 +0200 2013
Processing by WelcomeController#index as HTML
  Current user: admin (id=1)
  Rendered welcome/index.html.erb within layouts/base (11.8ms)
Completed 200 OK in 28ms (Views: 18.7ms | ActiveRecord: 1.8ms)
Started GET "/" for 178.176.224.236 at Thu Feb 14 11:29:55 +0200 2013
Processing by WelcomeController#index as HTML
  Current user: admin (id=1)
  Rendered welcome/index.html.erb within layouts/base (10.0ms)
Completed 200 OK in 26ms (Views: 16.5ms | ActiveRecord: 1.7ms)
Started GET "/" for 178.176.224.236 at Thu Feb 14 12:05:39 +0200 2013
Processing by WelcomeController#index as HTML
  Current user: admin (id=1)
  Rendered welcome/index.html.erb within layouts/base (10.9ms)
Completed 200 OK in 97ms (Views: 88.0ms | ActiveRecord: 1.7ms)
Started GET "/admin" for 178.176.224.236 at Thu Feb 14 12:05:45 +0200 2013
Processing by AdminController#index as HTML
  Current user: admin (id=1)
  Rendered admin/_menu.html.erb (5.4ms)
  Rendered admin/index.html.erb within layouts/admin (6.0ms)
  Rendered layouts/base.html.erb (11.0ms)
Completed 200 OK in 22ms (Views: 17.7ms | ActiveRecord: 0.9ms)
Started GET "/admin/plugins" for 178.176.224.236 at Thu Feb 14 12:05:48 +0200 2013
Processing by AdminController#plugins as HTML
  Current user: admin (id=1)
  Rendered admin/plugins.html.erb within layouts/admin (1.0ms)
  Rendered admin/_menu.html.erb (5.3ms)
  Rendered layouts/base.html.erb (11.5ms)
Completed 200 OK in 37ms (Views: 33.2ms | ActiveRecord: 0.7ms)
Started GET "/auth_sources" for 178.176.224.236 at Thu Feb 14 12:05:51 +0200 2013
Processing by AuthSourcesController#index as HTML
  Current user: admin (id=1)
  Rendered auth_sources/index.html.erb within layouts/admin (2.1ms)
  Rendered admin/_menu.html.erb (5.4ms)
  Rendered layouts/base.html.erb (11.9ms)
Completed 200 OK in 32ms (Views: 24.7ms | ActiveRecord: 1.4ms)
Started GET "/admin/projects" for 178.176.224.236 at Thu Feb 14 12:05:53 +0200 2013
Processing by AdminController#projects as HTML
  Current user: admin (id=1)
  Rendered admin/projects.html.erb within layouts/admin (43.7ms)
  Rendered admin/_menu.html.erb (2.6ms)
  Rendered layouts/base.html.erb (7.1ms)
Completed 200 OK in 133ms (Views: 54.9ms | ActiveRecord: 1.4ms)
Started GET "/users" for 178.176.224.236 at Thu Feb 14 12:05:56 +0200 2013
Processing by UsersController#index as HTML
  Current user: admin (id=1)
  Rendered users/index.html.erb within layouts/admin (7.5ms)
  Rendered admin/_menu.html.erb (2.7ms)
  Rendered layouts/base.html.erb (5.8ms)
Completed 200 OK in 24ms (Views: 16.7ms | ActiveRecord: 1.5ms)
Started GET "/custom_fields" for 178.176.224.236 at Thu Feb 14 12:06:07 +0200 2013
Processing by CustomFieldsController#index as HTML
  Current user: admin (id=1)
  Rendered custom_fields/_index.html.erb (2.0ms)
  Rendered custom_fields/_index.html.erb (0.7ms)
  Rendered custom_fields/_index.html.erb (0.7ms)
  Rendered custom_fields/_index.html.erb (0.7ms)
  Rendered custom_fields/_index.html.erb (0.7ms)
  Rendered custom_fields/_index.html.erb (77.0ms)
  Rendered custom_fields/_index.html.erb (0.4ms)
  Rendered custom_fields/_index.html.erb (0.4ms)
  Rendered custom_fields/_index.html.erb (0.4ms)
  Rendered common/_tabs.html.erb (92.9ms)
  Rendered custom_fields/index.html.erb within layouts/admin (93.7ms)
  Rendered admin/_menu.html.erb (2.8ms)
  Rendered layouts/base.html.erb (7.7ms)
Completed 200 OK in 122ms (Views: 117.7ms | ActiveRecord: 0.8ms)
Started GET "/" for 178.176.224.236 at Thu Feb 14 12:20:24 +0200 2013
Processing by WelcomeController#index as HTML
  Current user: admin (id=1)
  Rendered welcome/index.html.erb within layouts/base (11.4ms)
Completed 200 OK in 27ms (Views: 18.1ms | ActiveRecord: 1.7ms)
Started GET "/login" for 46.216.55.39 at Thu Feb 14 12:37:45 +0200 2013
Processing by AccountController#login as */*
  Current user: anonymous
  Rendered account/login.html.erb within layouts/base (2.1ms)
Completed 200 OK in 114ms (Views: 97.7ms | ActiveRecord: 0.4ms)
Started POST "/login" for 46.216.55.39 at Thu Feb 14 12:37:45 +0200 2013
Processing by AccountController#login as */*
  Parameters: {"password"=>"[FILTERED]", "authenticity_token"=>"FxnyDSRCppv2fuHgPwG3LvAo3GSWCQ8KrNfy13srCyA=", "back_url"=>"http://195.16.88.5:3000/my/page", "username"=>"admin"}
  Current user: anonymous
Successful authentication for 'admin' from 46.216.55.39 at Thu Feb 14 10:37:45 UTC 2013
Redirected to http://195.16.88.5:3000/my/page
Completed 302 Found in 43ms (ActiveRecord: 30.5ms)
Started GET "/my/page" for 46.216.55.39 at Thu Feb 14 12:37:45 +0200 2013
Processing by MyController#page as */*
  Current user: admin (id=1)
  Rendered issues/_list_simple.html.erb (0.1ms)
  Rendered my/blocks/_issuesassignedtome.html.erb (9.8ms)
  Rendered issues/_list_simple.html.erb (0.1ms)
  Rendered my/blocks/_issuesreportedbyme.html.erb (4.8ms)
  Rendered my/page.html.erb within layouts/base (18.0ms)
Completed 200 OK in 32ms (Views: 25.7ms | ActiveRecord: 1.8ms)
Started GET "/projects.xml?limit=100" for 46.216.55.39 at Thu Feb 14 12:37:46 +0200 2013
Processing by ProjectsController#index as XML
  Parameters: {"limit"=>"100"}
  Current user: anonymous
  Rendered projects/index.api.rsb (53.4ms)
Completed 200 OK in 62ms (Views: 54.7ms | ActiveRecord: 1.0ms)
Started GET "/login" for 46.216.55.39 at Thu Feb 14 12:37:59 +0200 2013
Processing by AccountController#login as */*
  Current user: admin (id=1)
  Rendered account/login.html.erb within layouts/base (1.9ms)
Completed 200 OK in 13ms (Views: 8.2ms | ActiveRecord: 0.6ms)
Started POST "/login" for 46.216.55.39 at Thu Feb 14 12:37:59 +0200 2013
Processing by AccountController#login as */*
  Parameters: {"password"=>"[FILTERED]", "authenticity_token"=>"EmY+JDvKytl+WZJ7Y80dkBNp3/DQxqC6eGZ9xQbQkDI=", "back_url"=>"http://195.16.88.5:3000/my/page", "username"=>"admin"}
  Current user: anonymous
Successful authentication for 'admin' from 46.216.55.39 at Thu Feb 14 10:37:59 UTC 2013
Redirected to http://195.16.88.5:3000/my/page
Completed 302 Found in 11ms (ActiveRecord: 5.3ms)
Started GET "/my/page" for 46.216.55.39 at Thu Feb 14 12:37:59 +0200 2013
Processing by MyController#page as */*
  Current user: admin (id=1)
  Rendered issues/_list_simple.html.erb (0.1ms)
  Rendered my/blocks/_issuesassignedtome.html.erb (90.5ms)
  Rendered issues/_list_simple.html.erb (0.1ms)
  Rendered my/blocks/_issuesreportedbyme.html.erb (5.2ms)
  Rendered my/page.html.erb within layouts/base (97.5ms)
Completed 200 OK in 109ms (Views: 102.7ms | ActiveRecord: 1.9ms)
Started GET "/projects.xml?limit=100" for 46.216.55.39 at Thu Feb 14 12:38:02 +0200 2013
Processing by ProjectsController#index as XML
  Parameters: {"limit"=>"100"}
  Current user: anonymous
  Rendered projects/index.api.rsb (0.4ms)
Completed 200 OK in 8ms (Views: 1.1ms | ActiveRecord: 0.9ms)
Started GET "/login" for 46.216.55.39 at Thu Feb 14 12:38:43 +0200 2013
Processing by AccountController#login as */*
  Current user: admin (id=1)
  Rendered account/login.html.erb within layouts/base (2.1ms)
Completed 200 OK in 14ms (Views: 8.8ms | ActiveRecord: 0.7ms)
Started POST "/login" for 46.216.55.39 at Thu Feb 14 12:38:43 +0200 2013
Processing by AccountController#login as */*
  Parameters: {"password"=>"[FILTERED]", "authenticity_token"=>"mvhOut5jW3NBH2f9M5CT+0y1nTt21OTDKQTqeJLLE8Y=", "back_url"=>"http://195.16.88.5:3000/my/page", "username"=>"admin"}
  Current user: anonymous
Successful authentication for 'admin' from 46.216.55.39 at Thu Feb 14 10:38:44 UTC 2013
Redirected to http://195.16.88.5:3000/my/page
Completed 302 Found in 19ms (ActiveRecord: 9.2ms)
Started GET "/my/page" for 46.216.55.39 at Thu Feb 14 12:38:44 +0200 2013
Processing by MyController#page as */*
  Current user: admin (id=1)
  Rendered issues/_list_simple.html.erb (0.2ms)
  Rendered my/blocks/_issuesassignedtome.html.erb (14.6ms)
  Rendered issues/_list_simple.html.erb (0.1ms)
  Rendered my/blocks/_issuesreportedbyme.html.erb (5.3ms)
  Rendered my/page.html.erb within layouts/base (21.7ms)
Completed 200 OK in 32ms (Views: 26.1ms | ActiveRecord: 2.3ms)
Started GET "/projects.xml?limit=100" for 46.216.55.39 at Thu Feb 14 12:38:44 +0200 2013
Processing by ProjectsController#index as XML
  Parameters: {"limit"=>"100"}
  Current user: anonymous
  Rendered projects/index.api.rsb (0.3ms)
Completed 200 OK in 80ms (Views: 0.7ms | ActiveRecord: 6.0ms)
Started GET "/admin" for 93.125.26.31 at Thu Feb 14 16:11:52 +0200 2013
Processing by AdminController#index as HTML
  Current user: admin (id=1)
  Rendered admin/_menu.html.erb (2.9ms)
  Rendered admin/index.html.erb within layouts/admin (3.2ms)
  Rendered layouts/base.html.erb (7.3ms)
Completed 200 OK in 14ms (Views: 11.0ms | ActiveRecord: 0.7ms)
Started GET "/admin/projects" for 93.125.26.31 at Thu Feb 14 16:12:20 +0200 2013
Processing by AdminController#projects as HTML
  Current user: admin (id=1)
  Rendered admin/projects.html.erb within layouts/admin (35.3ms)
  Rendered admin/_menu.html.erb (2.6ms)
  Rendered layouts/base.html.erb (6.9ms)
Completed 200 OK in 51ms (Views: 45.7ms | ActiveRecord: 1.0ms)
Started GET "/projects" for 93.125.26.31 at Thu Feb 14 16:12:53 +0200 2013
Processing by ProjectsController#index as HTML
  Current user: admin (id=1)
  Rendered projects/index.html.erb within layouts/base (92.8ms)
Completed 200 OK in 103ms (Views: 98.1ms | ActiveRecord: 1.2ms)
Started GET "/projects/crm_ittour" for 93.125.26.31 at Thu Feb 14 16:13:09 +0200 2013
Processing by ProjectsController#show as HTML
  Parameters: {"id"=>"crm_ittour"}
  Current user: admin (id=1)
  Rendered projects/_members_box.html.erb (0.1ms)
  Rendered projects/show.html.erb within layouts/base (5.1ms)
Completed 200 OK in 49ms (Views: 18.8ms | ActiveRecord: 3.8ms)
Started GET "/project/login" for 93.125.26.31 at Thu Feb 14 16:13:36 +0200 2013

ActionController::RoutingError (No route matches [GET] "/project/login"):
  actionpack (3.2.11) lib/action_dispatch/middleware/debug_exceptions.rb:21:in `call'
  actionpack (3.2.11) lib/action_dispatch/middleware/show_exceptions.rb:56:in `call'
  railties (3.2.11) lib/rails/rack/logger.rb:32:in `call_app'
  railties (3.2.11) lib/rails/rack/logger.rb:16:in `call'
  activesupport (3.2.11) lib/active_support/tagged_logging.rb:22:in `tagged'
  railties (3.2.11) lib/rails/rack/logger.rb:16:in `call'
  actionpack (3.2.11) lib/action_dispatch/middleware/request_id.rb:22:in `call'
  rack (1.4.5) lib/rack/methodoverride.rb:21:in `call'
  rack (1.4.5) lib/rack/runtime.rb:17:in `call'
  activesupport (3.2.11) lib/active_support/cache/strategy/local_cache.rb:72:in `call'
  rack (1.4.5) lib/rack/lock.rb:15:in `call'
  actionpack (3.2.11) lib/action_dispatch/middleware/static.rb:62:in `call'
  rack-cache (1.2) lib/rack/cache/context.rb:136:in `forward'
  rack-cache (1.2) lib/rack/cache/context.rb:245:in `fetch'
  rack-cache (1.2) lib/rack/cache/context.rb:185:in `lookup'
  rack-cache (1.2) lib/rack/cache/context.rb:66:in `call!'
  rack-cache (1.2) lib/rack/cache/context.rb:51:in `call'
  railties (3.2.11) lib/rails/engine.rb:479:in `call'
  railties (3.2.11) lib/rails/application.rb:223:in `call'
  rack (1.4.5) lib/rack/content_length.rb:14:in `call'
  railties (3.2.11) lib/rails/rack/log_tailer.rb:17:in `call'
  rack (1.4.5) lib/rack/handler/webrick.rb:59:in `service'
  /usr/local/lib/ruby/1.8/webrick/httpserver.rb:104:in `service'
  /usr/local/lib/ruby/1.8/webrick/httpserver.rb:65:in `run'
  /usr/local/lib/ruby/1.8/webrick/server.rb:173:in `start_thread'
  /usr/local/lib/ruby/1.8/webrick/server.rb:162:in `start'
  /usr/local/lib/ruby/1.8/webrick/server.rb:162:in `start_thread'
  /usr/local/lib/ruby/1.8/webrick/server.rb:95:in `start'
  /usr/local/lib/ruby/1.8/webrick/server.rb:92:in `each'
  /usr/local/lib/ruby/1.8/webrick/server.rb:92:in `start'
  /usr/local/lib/ruby/1.8/webrick/server.rb:23:in `start'
  /usr/local/lib/ruby/1.8/webrick/server.rb:82:in `start'
  rack (1.4.5) lib/rack/handler/webrick.rb:13:in `run'
  rack (1.4.5) lib/rack/server.rb:268:in `start'
  railties (3.2.11) lib/rails/commands/server.rb:70:in `start'
  railties (3.2.11) lib/rails/commands.rb:55
  railties (3.2.11) lib/rails/commands.rb:50:in `tap'
  railties (3.2.11) lib/rails/commands.rb:50
  script/rails:6:in `require'
  script/rails:6


Started GET "/project/crm_ittour/login" for 93.125.26.31 at Thu Feb 14 16:14:02 +0200 2013

ActionController::RoutingError (No route matches [GET] "/project/crm_ittour/login"):
  actionpack (3.2.11) lib/action_dispatch/middleware/debug_exceptions.rb:21:in `call'
  actionpack (3.2.11) lib/action_dispatch/middleware/show_exceptions.rb:56:in `call'
  railties (3.2.11) lib/rails/rack/logger.rb:32:in `call_app'
  railties (3.2.11) lib/rails/rack/logger.rb:16:in `call'
  activesupport (3.2.11) lib/active_support/tagged_logging.rb:22:in `tagged'
  railties (3.2.11) lib/rails/rack/logger.rb:16:in `call'
  actionpack (3.2.11) lib/action_dispatch/middleware/request_id.rb:22:in `call'
  rack (1.4.5) lib/rack/methodoverride.rb:21:in `call'
  rack (1.4.5) lib/rack/runtime.rb:17:in `call'
  activesupport (3.2.11) lib/active_support/cache/strategy/local_cache.rb:72:in `call'
  rack (1.4.5) lib/rack/lock.rb:15:in `call'
  actionpack (3.2.11) lib/action_dispatch/middleware/static.rb:62:in `call'
  rack-cache (1.2) lib/rack/cache/context.rb:136:in `forward'
  rack-cache (1.2) lib/rack/cache/context.rb:245:in `fetch'
  rack-cache (1.2) lib/rack/cache/context.rb:185:in `lookup'
  rack-cache (1.2) lib/rack/cache/context.rb:66:in `call!'
  rack-cache (1.2) lib/rack/cache/context.rb:51:in `call'
  railties (3.2.11) lib/rails/engine.rb:479:in `call'
  railties (3.2.11) lib/rails/application.rb:223:in `call'
  rack (1.4.5) lib/rack/content_length.rb:14:in `call'
  railties (3.2.11) lib/rails/rack/log_tailer.rb:17:in `call'
  rack (1.4.5) lib/rack/handler/webrick.rb:59:in `service'
  /usr/local/lib/ruby/1.8/webrick/httpserver.rb:104:in `service'
  /usr/local/lib/ruby/1.8/webrick/httpserver.rb:65:in `run'
  /usr/local/lib/ruby/1.8/webrick/server.rb:173:in `start_thread'
  /usr/local/lib/ruby/1.8/webrick/server.rb:162:in `start'
  /usr/local/lib/ruby/1.8/webrick/server.rb:162:in `start_thread'
  /usr/local/lib/ruby/1.8/webrick/server.rb:95:in `start'
  /usr/local/lib/ruby/1.8/webrick/server.rb:92:in `each'
  /usr/local/lib/ruby/1.8/webrick/server.rb:92:in `start'
  /usr/local/lib/ruby/1.8/webrick/server.rb:23:in `start'
  /usr/local/lib/ruby/1.8/webrick/server.rb:82:in `start'
  rack (1.4.5) lib/rack/handler/webrick.rb:13:in `run'
  rack (1.4.5) lib/rack/server.rb:268:in `start'
  railties (3.2.11) lib/rails/commands/server.rb:70:in `start'
  railties (3.2.11) lib/rails/commands.rb:55
  railties (3.2.11) lib/rails/commands.rb:50:in `tap'
  railties (3.2.11) lib/rails/commands.rb:50
  script/rails:6:in `require'
  script/rails:6


Started GET "/login" for 93.125.26.31 at Thu Feb 14 16:14:26 +0200 2013
Processing by AccountController#login as */*
  Current user: admin (id=1)
  Rendered account/login.html.erb within layouts/base (2.0ms)
Completed 200 OK in 13ms (Views: 8.3ms | ActiveRecord: 0.7ms)
Started POST "/login" for 93.125.26.31 at Thu Feb 14 16:14:26 +0200 2013
Processing by AccountController#login as */*
  Parameters: {"password"=>"[FILTERED]", "authenticity_token"=>"EJ8u7RN5a/yQBtsziRHq6vtOE1FE/VNMruZd4jzUbdM=", "back_url"=>"http://195.16.88.5:3000/my/page", "username"=>"admin"}
  Current user: anonymous
Successful authentication for 'admin' from 93.125.26.31 at Thu Feb 14 14:14:26 UTC 2013
Redirected to http://195.16.88.5:3000/my/page
Completed 302 Found in 17ms (ActiveRecord: 7.9ms)
Started GET "/my/page" for 93.125.26.31 at Thu Feb 14 16:14:26 +0200 2013
Processing by MyController#page as */*
  Current user: admin (id=1)
  Rendered issues/_list_simple.html.erb (0.2ms)
  Rendered my/blocks/_issuesassignedtome.html.erb (14.4ms)
  Rendered issues/_list_simple.html.erb (0.2ms)
  Rendered my/blocks/_issuesreportedbyme.html.erb (77.5ms)
  Rendered my/page.html.erb within layouts/base (93.8ms)
Completed 200 OK in 105ms (Views: 98.9ms | ActiveRecord: 2.3ms)
Started GET "/projects.xml?limit=100" for 93.125.26.31 at Thu Feb 14 16:14:27 +0200 2013
Processing by ProjectsController#index as XML
  Parameters: {"limit"=>"100"}
  Current user: anonymous
  Rendered projects/index.api.rsb (0.4ms)
Completed 200 OK in 8ms (Views: 1.1ms | ActiveRecord: 0.9ms)
Started GET "/groups" for 93.125.26.31 at Thu Feb 14 16:14:38 +0200 2013
Processing by GroupsController#index as HTML
  Current user: admin (id=1)
  Rendered groups/index.html.erb within layouts/admin (12.1ms)
  Rendered admin/_menu.html.erb (5.2ms)
  Rendered layouts/base.html.erb (9.3ms)
Completed 200 OK in 40ms (Views: 34.3ms | ActiveRecord: 1.7ms)
Started GET "/groups/new" for 93.125.26.31 at Thu Feb 14 16:14:47 +0200 2013
Processing by GroupsController#new as HTML
  Current user: admin (id=1)
  Rendered groups/_form.html.erb (1.9ms)
  Rendered groups/new.html.erb within layouts/admin (5.3ms)
  Rendered admin/_menu.html.erb (5.1ms)
  Rendered layouts/base.html.erb (12.2ms)
Completed 200 OK in 29ms (Views: 24.4ms | ActiveRecord: 1.1ms)
Started POST "/groups" for 93.125.26.31 at Thu Feb 14 16:14:57 +0200 2013
Processing by GroupsController#create as HTML
  Parameters: {"group"=>{"name"=>"Дизайнеры"}, "authenticity_token"=>"3yQJVdh6Pwai6FSpenTYaHB2hcIpgqRHmhQWWfxwqsg=", "utf8"=>"✓", "continue"=>"Создать и продолжить"}
  Current user: admin (id=1)
Redirected to http://195.16.88.5:3000/groups/new
Completed 302 Found in 16ms (ActiveRecord: 6.9ms)
Started GET "/groups/new" for 93.125.26.31 at Thu Feb 14 16:14:57 +0200 2013
Processing by GroupsController#new as HTML
  Current user: admin (id=1)
  Rendered groups/_form.html.erb (1.1ms)
  Rendered groups/new.html.erb within layouts/admin (2.9ms)
  Rendered admin/_menu.html.erb (2.7ms)
  Rendered layouts/base.html.erb (7.0ms)
Completed 200 OK in 17ms (Views: 13.3ms | ActiveRecord: 0.8ms)
Started POST "/groups" for 93.125.26.31 at Thu Feb 14 16:15:04 +0200 2013
Processing by GroupsController#create as HTML
  Parameters: {"group"=>{"name"=>"Тестировщики"}, "authenticity_token"=>"3yQJVdh6Pwai6FSpenTYaHB2hcIpgqRHmhQWWfxwqsg=", "utf8"=>"✓", "continue"=>"Создать и продолжить"}
  Current user: admin (id=1)
Redirected to http://195.16.88.5:3000/groups/new
Completed 302 Found in 18ms (ActiveRecord: 7.0ms)
Started GET "/groups/new" for 93.125.26.31 at Thu Feb 14 16:15:04 +0200 2013
Processing by GroupsController#new as HTML
  Current user: admin (id=1)
  Rendered groups/_form.html.erb (1.4ms)
  Rendered groups/new.html.erb within layouts/admin (3.4ms)
  Rendered admin/_menu.html.erb (5.1ms)
  Rendered layouts/base.html.erb (7.4ms)
Completed 200 OK in 21ms (Views: 17.0ms | ActiveRecord: 0.9ms)
Started POST "/groups" for 93.125.26.31 at Thu Feb 14 16:15:16 +0200 2013
Processing by GroupsController#create as HTML
  Parameters: {"group"=>{"name"=>"Проектировщики"}, "authenticity_token"=>"3yQJVdh6Pwai6FSpenTYaHB2hcIpgqRHmhQWWfxwqsg=", "utf8"=>"✓", "commit"=>"Создать"}
  Current user: admin (id=1)
Redirected to http://195.16.88.5:3000/groups
Completed 302 Found in 17ms (ActiveRecord: 6.3ms)
Started GET "/groups" for 93.125.26.31 at Thu Feb 14 16:15:16 +0200 2013
Processing by GroupsController#index as HTML
  Current user: admin (id=1)
  Rendered groups/index.html.erb within layouts/admin (88.7ms)
  Rendered admin/_menu.html.erb (2.8ms)
  Rendered layouts/base.html.erb (7.7ms)
Completed 200 OK in 109ms (Views: 99.3ms | ActiveRecord: 2.5ms)
Started GET "/projects" for 93.125.26.31 at Thu Feb 14 16:15:18 +0200 2013
Processing by ProjectsController#index as HTML
  Current user: admin (id=1)
  Rendered projects/index.html.erb within layouts/base (25.4ms)
Completed 200 OK in 37ms (Views: 30.1ms | ActiveRecord: 1.5ms)
Started GET "/projects" for 93.125.26.31 at Thu Feb 14 16:15:26 +0200 2013
Processing by ProjectsController#index as HTML
  Current user: admin (id=1)
  Rendered projects/index.html.erb within layouts/base (17.1ms)
Completed 200 OK in 28ms (Views: 22.1ms | ActiveRecord: 1.0ms)
Started GET "/my/page" for 93.125.26.31 at Thu Feb 14 16:15:29 +0200 2013
Processing by MyController#page as HTML
  Current user: admin (id=1)
  Rendered issues/_list_simple.html.erb (0.1ms)
  Rendered my/blocks/_issuesassignedtome.html.erb (89.3ms)
  Rendered issues/_list_simple.html.erb (0.1ms)
  Rendered my/blocks/_issuesreportedbyme.html.erb (5.5ms)
  Rendered my/page.html.erb within layouts/base (96.6ms)
Completed 200 OK in 108ms (Views: 101.8ms | ActiveRecord: 2.1ms)
Started GET "/projects" for 93.125.26.31 at Thu Feb 14 16:15:31 +0200 2013
Processing by ProjectsController#index as HTML
  Current user: admin (id=1)
  Rendered projects/index.html.erb within layouts/base (14.1ms)
Completed 200 OK in 23ms (Views: 18.8ms | ActiveRecord: 0.9ms)
Started GET "/projects?utf8=%E2%9C%93&closed=1" for 93.125.26.31 at Thu Feb 14 16:15:35 +0200 2013
Processing by ProjectsController#index as HTML
  Parameters: {"closed"=>"1", "utf8"=>"✓"}
  Current user: admin (id=1)
  Rendered projects/index.html.erb within layouts/base (18.1ms)
Completed 200 OK in 29ms (Views: 22.7ms | ActiveRecord: 1.4ms)
Started GET "/admin" for 93.125.26.31 at Thu Feb 14 16:15:39 +0200 2013
Processing by AdminController#index as HTML
  Current user: admin (id=1)
  Rendered admin/_menu.html.erb (5.2ms)
  Rendered admin/index.html.erb within layouts/admin (5.8ms)
  Rendered layouts/base.html.erb (80.4ms)
Completed 200 OK in 91ms (Views: 86.9ms | ActiveRecord: 0.9ms)
Started GET "/admin/info" for 93.125.26.31 at Thu Feb 14 16:15:43 +0200 2013
Processing by AdminController#info as HTML
  Current user: admin (id=1)
  Rendered admin/info.html.erb within layouts/admin (10.1ms)
  Rendered admin/_menu.html.erb (5.6ms)
  Rendered layouts/base.html.erb (11.5ms)
Completed 200 OK in 48ms (Views: 41.8ms | ActiveRecord: 1.0ms)
Started GET "/my/page" for 93.125.26.31 at Thu Feb 14 16:15:57 +0200 2013
Processing by MyController#page as HTML
  Current user: admin (id=1)
  Rendered issues/_list_simple.html.erb (0.1ms)
  Rendered my/blocks/_issuesassignedtome.html.erb (14.0ms)
  Rendered issues/_list_simple.html.erb (0.1ms)
  Rendered my/blocks/_issuesreportedbyme.html.erb (4.7ms)
  Rendered my/page.html.erb within layouts/base (20.5ms)
Completed 200 OK in 35ms (Views: 28.2ms | ActiveRecord: 2.4ms)
Started GET "/" for 93.125.26.31 at Thu Feb 14 16:15:59 +0200 2013
Processing by WelcomeController#index as HTML
  Current user: admin (id=1)
  Rendered welcome/index.html.erb within layouts/base (9.3ms)
Completed 200 OK in 24ms (Views: 15.3ms | ActiveRecord: 1.6ms)
Started GET "/projects" for 93.125.26.31 at Thu Feb 14 16:15:59 +0200 2013
Processing by ProjectsController#index as HTML
  Current user: admin (id=1)
  Rendered projects/index.html.erb within layouts/base (94.3ms)
Completed 200 OK in 106ms (Views: 99.4ms | ActiveRecord: 1.4ms)
Started GET "/projects/crm_ittour/activity" for 93.125.26.31 at Thu Feb 14 16:16:30 +0200 2013
Processing by ActivitiesController#index as HTML
  Parameters: {"id"=>"crm_ittour"}
  Current user: admin (id=1)
  Rendered activities/index.html.erb within layouts/base (7.1ms)
Completed 200 OK in 59ms (Views: 20.5ms | ActiveRecord: 3.5ms)
Started GET "/projects/crm_ittour/issues" for 93.125.26.31 at Thu Feb 14 16:16:32 +0200 2013
Processing by IssuesController#index as HTML
  Parameters: {"project_id"=>"crm_ittour"}
  Current user: admin (id=1)
  Rendered queries/_filters.html.erb (10.2ms)
  Rendered queries/_columns.html.erb (1.5ms)
  Rendered issues/_sidebar.html.erb (2.9ms)
  Rendered issues/index.html.erb within layouts/base (21.5ms)
Completed 200 OK in 134ms (Views: 33.5ms | ActiveRecord: 6.0ms)
Started GET "/projects/crm_ittour/issues/new" for 93.125.26.31 at Thu Feb 14 16:16:36 +0200 2013
Processing by IssuesController#new as HTML
  Parameters: {"project_id"=>"crm_ittour"}
  Current user: admin (id=1)
  Rendered issues/_form_custom_fields.html.erb (3.3ms)
  Rendered issues/_attributes.html.erb (14.4ms)
  Rendered issues/_form.html.erb (95.1ms)
  Rendered attachments/_form.html.erb (1.2ms)
  Rendered issues/new.html.erb within layouts/base (98.5ms)
Completed 200 OK in 142ms (Views: 111.2ms | ActiveRecord: 5.0ms)
Started GET "/admin" for 93.125.26.31 at Thu Feb 14 16:16:51 +0200 2013
Processing by AdminController#index as HTML
  Current user: admin (id=1)
  Rendered admin/_menu.html.erb (5.3ms)
  Rendered admin/index.html.erb within layouts/admin (5.8ms)
  Rendered layouts/base.html.erb (8.2ms)
Completed 200 OK in 19ms (Views: 14.7ms | ActiveRecord: 0.9ms)
Started GET "/trackers" for 93.125.26.31 at Thu Feb 14 16:16:53 +0200 2013
Processing by TrackersController#index as HTML
  Current user: admin (id=1)
  Rendered trackers/index.html.erb within layouts/admin (82.7ms)
  Rendered admin/_menu.html.erb (2.9ms)
  Rendered layouts/base.html.erb (7.4ms)
Completed 200 OK in 118ms (Views: 113.8ms | ActiveRecord: 1.1ms)
Started GET "/trackers/1/edit" for 93.125.26.31 at Thu Feb 14 16:17:03 +0200 2013
Processing by TrackersController#edit as HTML
  Parameters: {"id"=>"1"}
  Current user: admin (id=1)
  Rendered trackers/_form.html.erb (32.1ms)
  Rendered trackers/edit.html.erb within layouts/admin (35.6ms)
  Rendered admin/_menu.html.erb (2.7ms)
  Rendered layouts/base.html.erb (7.1ms)
Completed 200 OK in 54ms (Views: 44.8ms | ActiveRecord: 3.6ms)
Started GET "/projects" for 93.125.26.31 at Thu Feb 14 16:17:11 +0200 2013
Processing by ProjectsController#index as HTML
  Current user: admin (id=1)
  Rendered projects/index.html.erb within layouts/base (15.3ms)
Completed 200 OK in 95ms (Views: 20.3ms | ActiveRecord: 1.0ms)
Started GET "/projects/parser_optimization" for 93.125.26.31 at Thu Feb 14 16:17:16 +0200 2013
Processing by ProjectsController#show as HTML
  Parameters: {"id"=>"parser_optimization"}
  Current user: admin (id=1)
  Rendered projects/_members_box.html.erb (0.0ms)
  Rendered projects/show.html.erb within layouts/base (4.9ms)
Completed 200 OK in 44ms (Views: 20.1ms | ActiveRecord: 3.2ms)
Started GET "/projects/parser_optimization/issues/new" for 93.125.26.31 at Thu Feb 14 16:17:19 +0200 2013
Processing by IssuesController#new as HTML
  Parameters: {"project_id"=>"parser_optimization"}
  Current user: admin (id=1)
  Rendered issues/_form_custom_fields.html.erb (3.2ms)
  Rendered issues/_attributes.html.erb (15.0ms)
  Rendered issues/_form.html.erb (98.9ms)
  Rendered attachments/_form.html.erb (1.2ms)
  Rendered issues/new.html.erb within layouts/base (102.4ms)
Completed 200 OK in 137ms (Views: 116.9ms | ActiveRecord: 4.3ms)
Started GET "/projects/parser_optimization/issues/calendar" for 93.125.26.31 at Thu Feb 14 16:18:23 +0200 2013
Processing by CalendarsController#show as HTML
  Parameters: {"project_id"=>"parser_optimization"}
  Current user: admin (id=1)
  Rendered queries/_filters.html.erb (20.1ms)
  Rendered common/_calendar.html.erb (8.2ms)
  Rendered issues/_sidebar.html.erb (3.2ms)
  Rendered calendars/show.html.erb within layouts/base (40.3ms)
Completed 200 OK in 191ms (Views: 61.2ms | ActiveRecord: 5.5ms)
Started GET "/projects/parser_optimization/news" for 93.125.26.31 at Thu Feb 14 16:18:27 +0200 2013
Processing by NewsController#index as HTML
  Parameters: {"project_id"=>"parser_optimization"}
  Current user: admin (id=1)
  Rendered attachments/_form.html.erb (1.1ms)
  Rendered news/_form.html.erb (3.2ms)
  Rendered news/index.html.erb within layouts/base (8.8ms)
Completed 200 OK in 118ms (Views: 102.8ms | ActiveRecord: 2.2ms)
Started GET "/projects/parser_optimization/documents" for 93.125.26.31 at Thu Feb 14 16:18:30 +0200 2013
Processing by DocumentsController#index as HTML
  Parameters: {"project_id"=>"parser_optimization"}
  Current user: admin (id=1)
  Rendered attachments/_form.html.erb (2.1ms)
  Rendered documents/_form.html.erb (8.2ms)
  Rendered documents/index.html.erb within layouts/base (15.5ms)
Completed 200 OK in 64ms (Views: 37.6ms | ActiveRecord: 2.6ms)
Started GET "/projects/parser_optimization/wiki" for 93.125.26.31 at Thu Feb 14 16:18:31 +0200 2013
Processing by WikiController#show as HTML
  Parameters: {"project_id"=>"parser_optimization"}
  Current user: admin (id=1)
  Rendered attachments/_form.html.erb (3.2ms)
  Rendered wiki/edit.html.erb within layouts/base (12.1ms)
Completed 200 OK in 140ms (Views: 36.2ms | ActiveRecord: 3.5ms)
Started GET "/projects/parser_optimization/files" for 93.125.26.31 at Thu Feb 14 16:18:34 +0200 2013
Processing by FilesController#index as HTML
  Parameters: {"project_id"=>"parser_optimization"}
  Current user: admin (id=1)
  Rendered files/index.html.erb within layouts/base (3.0ms)
Completed 200 OK in 39ms (Views: 26.3ms | ActiveRecord: 2.2ms)
Started GET "/projects/parser_optimization/settings" for 93.125.26.31 at Thu Feb 14 16:18:36 +0200 2013
Processing by ProjectsController#settings as HTML
  Parameters: {"id"=>"parser_optimization"}
  Current user: admin (id=1)
  Rendered projects/_form.html.erb (14.4ms)
  Rendered projects/_edit.html.erb (17.5ms)
  Rendered projects/settings/_modules.html.erb (3.0ms)
  Rendered projects/settings/_members.html.erb (8.2ms)
  Rendered projects/settings/_versions.html.erb (4.2ms)
  Rendered projects/settings/_issue_categories.html.erb (1.8ms)
  Rendered projects/settings/_wiki.html.erb (1.9ms)
  Rendered projects/settings/_repositories.html.erb (71.5ms)
  Rendered projects/settings/_boards.html.erb (2.3ms)
  Rendered projects/settings/_activities.html.erb (9.5ms)
  Rendered common/_tabs.html.erb (131.9ms)
  Rendered projects/settings.html.erb within layouts/base (133.1ms)
Completed 200 OK in 240ms (Views: 150.1ms | ActiveRecord: 4.6ms)
Started GET "/projects/parser_optimization" for 93.125.26.31 at Thu Feb 14 16:18:44 +0200 2013
Processing by ProjectsController#show as HTML
  Parameters: {"id"=>"parser_optimization"}
  Current user: admin (id=1)
  Rendered projects/_members_box.html.erb (0.0ms)
  Rendered projects/show.html.erb within layouts/base (4.8ms)
Completed 200 OK in 46ms (Views: 20.0ms | ActiveRecord: 3.4ms)
Started GET "/users/current.json" for 93.125.26.31 at Thu Feb 14 16:31:07 +0200 2013
Processing by UsersController#show as JSON
  Parameters: {"id"=>"current"}
  Current user: anonymous
Filter chain halted as :find_user rendered or redirected
Completed 401 Unauthorized in 4ms (ActiveRecord: 0.4ms)
Started GET "/logout" for 93.125.26.31 at Thu Feb 14 16:31:14 +0200 2013
Processing by AccountController#logout as HTML
  Current user: admin (id=1)
Redirected to http://195.16.88.5:3000/
Completed 302 Found in 6ms (ActiveRecord: 0.7ms)
Started GET "/" for 93.125.26.31 at Thu Feb 14 16:31:14 +0200 2013
Processing by WelcomeController#index as HTML
  Current user: anonymous
  Rendered welcome/index.html.erb within layouts/base (1.6ms)
Completed 200 OK in 16ms (Views: 5.9ms | ActiveRecord: 1.3ms)
Started GET "/login" for 93.125.26.31 at Thu Feb 14 16:31:23 +0200 2013
Processing by AccountController#login as HTML
  Current user: anonymous
  Rendered account/login.html.erb within layouts/base (3.1ms)
Completed 200 OK in 17ms (Views: 13.9ms | ActiveRecord: 0.4ms)
Started POST "/login" for 93.125.26.31 at Thu Feb 14 16:31:28 +0200 2013
Processing by AccountController#login as HTML
  Parameters: {"password"=>"[FILTERED]", "back_url"=>"http://195.16.88.5:3000/", "authenticity_token"=>"jLW1guaDucI/PRcQBhnQGnSuLUwfGIF+4gASnVZrFik=", "utf8"=>"✓", "login"=>"Вход »", "username"=>"admin"}
  Current user: anonymous
Successful authentication for 'admin' from 93.125.26.31 at Thu Feb 14 14:31:28 UTC 2013
Redirected to http://195.16.88.5:3000/
Completed 302 Found in 15ms (ActiveRecord: 5.0ms)
Started GET "/" for 93.125.26.31 at Thu Feb 14 16:31:28 +0200 2013
Processing by WelcomeController#index as HTML
  Current user: admin (id=1)
  Rendered welcome/index.html.erb within layouts/base (8.9ms)
Completed 200 OK in 24ms (Views: 15.0ms | ActiveRecord: 1.7ms)
Started GET "/projects" for 93.125.26.31 at Thu Feb 14 16:31:31 +0200 2013
Processing by ProjectsController#index as HTML
  Current user: admin (id=1)
  Rendered projects/index.html.erb within layouts/base (18.6ms)
Completed 200 OK in 29ms (Views: 23.1ms | ActiveRecord: 1.4ms)
Started GET "/admin" for 93.125.26.31 at Thu Feb 14 16:31:32 +0200 2013
Processing by AdminController#index as HTML
  Current user: admin (id=1)
  Rendered admin/_menu.html.erb (3.0ms)
  Rendered admin/index.html.erb within layouts/admin (3.3ms)
  Rendered layouts/base.html.erb (7.6ms)
Completed 200 OK in 14ms (Views: 11.3ms | ActiveRecord: 0.7ms)
Started GET "/users" for 93.125.26.31 at Thu Feb 14 16:31:35 +0200 2013
Processing by UsersController#index as HTML
  Current user: admin (id=1)
  Rendered users/index.html.erb within layouts/admin (7.8ms)
  Rendered admin/_menu.html.erb (2.7ms)
  Rendered layouts/base.html.erb (6.0ms)
Completed 200 OK in 25ms (Views: 17.3ms | ActiveRecord: 1.6ms)
Started GET "/users/1/edit" for 93.125.26.31 at Thu Feb 14 16:31:38 +0200 2013
Processing by UsersController#edit as HTML
  Parameters: {"id"=>"1"}
  Current user: admin (id=1)
  Rendered users/_mail_notifications.html.erb (11.1ms)
  Rendered users/_preferences.html.erb (426.3ms)
  Rendered users/_form.html.erb (448.6ms)
  Rendered users/_general.html.erb (451.9ms)
  Rendered users/_groups.html.erb (8.7ms)
  Rendered users/_memberships.html.erb (39.2ms)
  Rendered common/_tabs.html.erb (535.1ms)
  Rendered users/edit.html.erb within layouts/admin (538.6ms)
  Rendered admin/_menu.html.erb (2.8ms)
  Rendered layouts/base.html.erb (76.7ms)
Completed 200 OK in 644ms (Views: 633.6ms | ActiveRecord: 5.4ms)
Started POST "/users/1/memberships" for 93.125.26.31 at Thu Feb 14 16:32:08 +0200 2013
Processing by UsersController#edit_membership as JS
  Parameters: {"membership"=>{"project_id"=>"7", "role_ids"=>["3"]}, "authenticity_token"=>"ZGyIm8k6gnGj4xPSQuQrO4I0PDylxG9FMiyfLl0WH48=", "id"=>"1", "utf8"=>"✓", "commit"=>"Добавить"}
  Current user: admin (id=1)
  Rendered users/_memberships.html.erb (109.3ms)
  Rendered users/edit_membership.js.erb (114.4ms)
Completed 200 OK in 148ms (Views: 115.8ms | ActiveRecord: 9.8ms)
Started POST "/users/1/memberships" for 93.125.26.31 at Thu Feb 14 16:32:28 +0200 2013
Processing by UsersController#edit_membership as JS
  Parameters: {"membership"=>{"project_id"=>"4", "role_ids"=>["3"]}, "authenticity_token"=>"ZGyIm8k6gnGj4xPSQuQrO4I0PDylxG9FMiyfLl0WH48=", "id"=>"1", "utf8"=>"✓", "commit"=>"Добавить"}
  Current user: admin (id=1)
  Rendered users/_memberships.html.erb (110.0ms)
  Rendered users/edit_membership.js.erb (112.5ms)
Completed 200 OK in 139ms (Views: 110.4ms | ActiveRecord: 14.2ms)
Started POST "/users/1/memberships" for 93.125.26.31 at Thu Feb 14 16:32:33 +0200 2013
Processing by UsersController#edit_membership as JS
  Parameters: {"membership"=>{"project_id"=>"11"}, "authenticity_token"=>"ZGyIm8k6gnGj4xPSQuQrO4I0PDylxG9FMiyfLl0WH48=", "id"=>"1", "utf8"=>"✓", "commit"=>"Добавить"}
  Current user: admin (id=1)
  Rendered users/edit_membership.js.erb (2.7ms)
Completed 200 OK in 14ms (Views: 3.8ms | ActiveRecord: 0.8ms)
Started POST "/users/1/memberships" for 93.125.26.31 at Thu Feb 14 16:32:41 +0200 2013
Processing by UsersController#edit_membership as JS
  Parameters: {"membership"=>{"project_id"=>"11", "role_ids"=>["3"]}, "authenticity_token"=>"ZGyIm8k6gnGj4xPSQuQrO4I0PDylxG9FMiyfLl0WH48=", "id"=>"1", "utf8"=>"✓", "commit"=>"Добавить"}
  Current user: admin (id=1)
  Rendered users/_memberships.html.erb (111.5ms)
  Rendered users/edit_membership.js.erb (114.1ms)
Completed 200 OK in 138ms (Views: 111.6ms | ActiveRecord: 12.2ms)
Started POST "/users/1/memberships" for 93.125.26.31 at Thu Feb 14 16:32:49 +0200 2013
Processing by UsersController#edit_membership as JS
  Parameters: {"membership"=>{"project_id"=>"5", "role_ids"=>["3"]}, "authenticity_token"=>"ZGyIm8k6gnGj4xPSQuQrO4I0PDylxG9FMiyfLl0WH48=", "id"=>"1", "utf8"=>"✓", "commit"=>"Добавить"}
  Current user: admin (id=1)
  Rendered users/_memberships.html.erb (114.3ms)
  Rendered users/edit_membership.js.erb (117.1ms)
Completed 200 OK in 140ms (Views: 114.7ms | ActiveRecord: 11.6ms)
Started GET "/admin" for 93.125.26.31 at Thu Feb 14 16:32:51 +0200 2013
Processing by AdminController#index as HTML
  Current user: admin (id=1)
  Rendered admin/_menu.html.erb (5.2ms)
  Rendered admin/index.html.erb within layouts/admin (5.8ms)
  Rendered layouts/base.html.erb (13.6ms)
Completed 200 OK in 24ms (Views: 20.0ms | ActiveRecord: 1.0ms)
Started GET "/users" for 93.125.26.31 at Thu Feb 14 16:32:53 +0200 2013
Processing by UsersController#index as HTML
  Current user: admin (id=1)
  Rendered users/index.html.erb within layouts/admin (6.4ms)
  Rendered admin/_menu.html.erb (2.7ms)
  Rendered layouts/base.html.erb (7.8ms)
Completed 200 OK in 22ms (Views: 17.3ms | ActiveRecord: 1.1ms)
Started GET "/roles" for 93.125.26.31 at Thu Feb 14 16:32:56 +0200 2013
Processing by RolesController#index as HTML
  Current user: admin (id=1)
  Rendered roles/index.html.erb within layouts/admin (93.1ms)
  Rendered admin/_menu.html.erb (2.7ms)
  Rendered layouts/base.html.erb (9.2ms)
Completed 200 OK in 122ms (Views: 116.2ms | ActiveRecord: 1.1ms)
Started GET "/roles/3/edit" for 93.125.26.31 at Thu Feb 14 16:33:02 +0200 2013
Processing by RolesController#edit as HTML
  Parameters: {"id"=>"3"}
  Current user: admin (id=1)
  Rendered roles/_form.html.erb (8.7ms)
  Rendered roles/edit.html.erb within layouts/admin (10.9ms)
  Rendered admin/_menu.html.erb (2.6ms)
  Rendered layouts/base.html.erb (8.8ms)
Completed 200 OK in 26ms (Views: 23.5ms | ActiveRecord: 0.7ms)
Started PUT "/roles/3" for 93.125.26.31 at Thu Feb 14 16:33:10 +0200 2013
Processing by RolesController#update as HTML
  Parameters: {"authenticity_token"=>"ZGyIm8k6gnGj4xPSQuQrO4I0PDylxG9FMiyfLl0WH48=", "id"=>"3", "utf8"=>"✓", "commit"=>"Сохранить", "role"=>{"issues_visibility"=>"all", "name"=>"Менеджер проекта", "permissions"=>["add_project", "edit_project", "close_project", "select_project_modules", "manage_members", "manage_versions", "add_subprojects", "manage_boards", "add_messages", "edit_messages", "edit_own_messages", "delete_messages", "delete_own_messages", "view_calendar", "manage_documents", "view_documents", "manage_files", "view_files", "view_gantt", "manage_categories", "view_issues", "add_issues", "edit_issues", "manage_issue_relations", "manage_subtasks", "set_issues_private", "set_own_issues_private", "add_issue_notes", "edit_issue_notes", "edit_own_issue_notes", "view_private_notes", "set_notes_private", "move_issues", "delete_issues", "manage_public_queries", "save_queries", "view_issue_watchers", "add_issue_watchers", "delete_issue_watchers", "manage_news", "comment_news", "manage_repository", "browse_repository", "view_changesets", "commit_access", "manage_related_issues", "log_time", "view_time_entries", "edit_time_entries", "edit_own_time_entries", "manage_project_activities", "manage_wiki", "rename_wiki_pages", "delete_wiki_pages", "view_wiki_pages", "export_wiki_pages", "view_wiki_edits", "edit_wiki_pages", "delete_wiki_pages_attachments", "protect_wiki_pages", ""], "assignable"=>"1"}}
  Current user: admin (id=1)
Redirected to http://195.16.88.5:3000/roles
Completed 302 Found in 13ms (ActiveRecord: 5.0ms)
Started GET "/roles" for 93.125.26.31 at Thu Feb 14 16:33:10 +0200 2013
Processing by RolesController#index as HTML
  Current user: admin (id=1)
  Rendered roles/index.html.erb within layouts/admin (7.8ms)
  Rendered admin/_menu.html.erb (2.7ms)
  Rendered layouts/base.html.erb (9.2ms)
Completed 200 OK in 103ms (Views: 20.4ms | ActiveRecord: 4.9ms)
Started GET "/roles/5/edit" for 93.125.26.31 at Thu Feb 14 16:33:26 +0200 2013
Processing by RolesController#edit as HTML
  Parameters: {"id"=>"5"}
  Current user: admin (id=1)
  Rendered roles/_form.html.erb (15.3ms)
  Rendered roles/edit.html.erb within layouts/admin (17.4ms)
  Rendered admin/_menu.html.erb (5.2ms)
  Rendered layouts/base.html.erb (9.9ms)
Completed 200 OK in 38ms (Views: 33.7ms | ActiveRecord: 0.8ms)
Started PUT "/roles/5" for 93.125.26.31 at Thu Feb 14 16:33:35 +0200 2013
Processing by RolesController#update as HTML
  Parameters: {"authenticity_token"=>"ZGyIm8k6gnGj4xPSQuQrO4I0PDylxG9FMiyfLl0WH48=", "id"=>"5", "utf8"=>"✓", "commit"=>"Сохранить", "role"=>{"issues_visibility"=>"default", "name"=>"Наблюдатель", "permissions"=>["add_messages", "edit_own_messages", "view_calendar", "view_documents", "view_files", "view_gantt", "view_issues", "add_issues", "add_issue_notes", "save_queries", "comment_news", "browse_repository", "view_changesets", "log_time", "view_time_entries", "view_wiki_pages", "view_wiki_edits", ""], "assignable"=>"1"}}
  Current user: admin (id=1)
Redirected to http://195.16.88.5:3000/roles
Completed 302 Found in 8ms (ActiveRecord: 3.2ms)
Started GET "/roles" for 93.125.26.31 at Thu Feb 14 16:33:36 +0200 2013
Processing by RolesController#index as HTML
  Current user: admin (id=1)
  Rendered roles/index.html.erb within layouts/admin (7.3ms)
  Rendered admin/_menu.html.erb (4.0ms)
  Rendered layouts/base.html.erb (9.6ms)
Completed 200 OK in 25ms (Views: 21.6ms | ActiveRecord: 0.8ms)
Started GET "/users/current.json" for 93.125.26.31 at Thu Feb 14 16:34:08 +0200 2013
Processing by UsersController#show as JSON
  Parameters: {"id"=>"current"}
  Current user: anonymous
Filter chain halted as :find_user rendered or redirected
Completed 401 Unauthorized in 4ms (ActiveRecord: 0.5ms)
Started GET "/projects.json?limit=100" for 93.125.26.31 at Thu Feb 14 16:34:13 +0200 2013
Processing by ProjectsController#index as JSON
  Parameters: {"limit"=>"100"}
  Current user: anonymous
  Rendered projects/index.api.rsb (16.3ms)
Completed 200 OK in 21ms (Views: 17.2ms | ActiveRecord: 0.5ms)
Started GET "/projects.json?limit=100" for 93.125.26.31 at Thu Feb 14 16:34:21 +0200 2013
Processing by ProjectsController#index as JSON
  Parameters: {"limit"=>"100"}
  Current user: anonymous
  Rendered projects/index.api.rsb (0.5ms)
Completed 200 OK in 8ms (Views: 1.1ms | ActiveRecord: 1.0ms)
Started GET "/auth_sources" for 93.125.26.31 at Thu Feb 14 16:34:37 +0200 2013
Processing by AuthSourcesController#index as HTML
  Current user: admin (id=1)
  Rendered auth_sources/index.html.erb within layouts/admin (0.6ms)
  Rendered admin/_menu.html.erb (2.8ms)
  Rendered layouts/base.html.erb (9.0ms)
Completed 200 OK in 16ms (Views: 13.0ms | ActiveRecord: 0.8ms)
Started GET "/auth_sources/new" for 93.125.26.31 at Thu Feb 14 16:34:40 +0200 2013
Processing by AuthSourcesController#new as HTML
  Current user: admin (id=1)
  Rendered auth_sources/_form_auth_source_ldap.html.erb (4.4ms)
  Rendered auth_sources/new.html.erb within layouts/admin (7.4ms)
  Rendered admin/_menu.html.erb (5.4ms)
  Rendered layouts/base.html.erb (89.7ms)
Completed 200 OK in 147ms (Views: 120.5ms | ActiveRecord: 0.8ms)
Started GET "/users/current.json" for 93.125.26.31 at Thu Feb 14 16:36:48 +0200 2013
Processing by UsersController#show as JSON
  Parameters: {"id"=>"current"}
  Current user: anonymous
Filter chain halted as :find_user rendered or redirected
Completed 401 Unauthorized in 2ms (ActiveRecord: 0.3ms)
Started GET "/" for 178.176.224.236 at Thu Feb 14 17:47:13 +0200 2013
Processing by WelcomeController#index as HTML
  Current user: admin (id=1)
  Rendered welcome/index.html.erb within layouts/base (11.5ms)
Completed 200 OK in 34ms (Views: 23.3ms | ActiveRecord: 2.0ms)
Started GET "/" for 178.176.224.236 at Thu Feb 14 17:53:00 +0200 2013
Processing by WelcomeController#index as HTML
  Current user: admin (id=1)
  Rendered welcome/index.html.erb within layouts/base (10.8ms)
Completed 200 OK in 28ms (Views: 18.7ms | ActiveRecord: 1.9ms)
Started GET "/admin" for 178.176.224.236 at Thu Feb 14 17:53:02 +0200 2013
Processing by AdminController#index as HTML
  Current user: admin (id=1)
  Rendered admin/_menu.html.erb (5.2ms)
  Rendered admin/index.html.erb within layouts/admin (5.9ms)
  Rendered layouts/base.html.erb (88.9ms)
Completed 200 OK in 100ms (Views: 95.4ms | ActiveRecord: 1.0ms)
Started GET "/settings" for 178.176.224.236 at Thu Feb 14 17:53:04 +0200 2013
Processing by SettingsController#index as HTML
  Current user: admin (id=1)
  Rendered settings/_general.html.erb (6.2ms)
  Rendered settings/_display.html.erb (4.3ms)
  Rendered settings/_authentication.html.erb (2.9ms)
  Rendered settings/_projects.html.erb (3.0ms)
  Rendered queries/_columns.html.erb (2.9ms)
  Rendered settings/_issues.html.erb (6.1ms)
  Rendered settings/_notifications.html.erb (0.1ms)
  Rendered settings/_mail_handler.html.erb (1.0ms)
  Rendered settings/_repositories.html.erb (6.0ms)
  Rendered common/_tabs.html.erb (34.8ms)
  Rendered settings/edit.html.erb within layouts/admin (35.3ms)
  Rendered admin/_menu.html.erb (2.8ms)
  Rendered layouts/base.html.erb (8.9ms)
Completed 200 OK in 52ms (Views: 47.1ms | ActiveRecord: 1.5ms)
Started GET "/" for 178.176.224.236 at Thu Feb 14 19:48:08 +0200 2013
Processing by WelcomeController#index as HTML
  Current user: admin (id=1)
  Rendered welcome/index.html.erb within layouts/base (81.4ms)
Completed 200 OK in 99ms (Views: 90.2ms | ActiveRecord: 1.9ms)
Started GET "/" for 178.176.224.236 at Thu Feb 14 20:01:29 +0200 2013
Processing by WelcomeController#index as HTML
  Current user: admin (id=1)
  Rendered welcome/index.html.erb within layouts/base (11.2ms)
Completed 200 OK in 29ms (Views: 20.2ms | ActiveRecord: 1.9ms)
Started GET "/my/page" for 178.176.224.236 at Thu Feb 14 20:01:32 +0200 2013
Processing by MyController#page as HTML
  Current user: admin (id=1)
  Rendered issues/_list_simple.html.erb (0.2ms)
  Rendered my/blocks/_issuesassignedtome.html.erb (14.7ms)
  Rendered issues/_list_simple.html.erb (0.1ms)
  Rendered my/blocks/_issuesreportedbyme.html.erb (86.4ms)
  Rendered my/page.html.erb within layouts/base (103.0ms)
Completed 200 OK in 116ms (Views: 109.9ms | ActiveRecord: 2.7ms)
Started GET "/" for 178.176.224.236 at Thu Feb 14 22:10:44 +0200 2013
Processing by WelcomeController#index as HTML
  Current user: admin (id=1)
  Rendered welcome/index.html.erb within layouts/base (13.0ms)
Completed 200 OK in 41ms (Views: 30.6ms | ActiveRecord: 2.3ms)
Started GET "/projects" for 178.176.224.236 at Thu Feb 14 22:10:58 +0200 2013
Processing by ProjectsController#index as HTML
  Current user: admin (id=1)
  Rendered projects/index.html.erb within layouts/base (19.1ms)
Completed 200 OK in 31ms (Views: 24.6ms | ActiveRecord: 1.6ms)
Started GET "/admin" for 178.176.224.236 at Thu Feb 14 22:11:03 +0200 2013
Processing by AdminController#index as HTML
  Current user: admin (id=1)
  Rendered admin/_menu.html.erb (5.2ms)
  Rendered admin/index.html.erb within layouts/admin (5.8ms)
  Rendered layouts/base.html.erb (12.0ms)
Completed 200 OK in 23ms (Views: 18.4ms | ActiveRecord: 1.0ms)
Started GET "/users" for 178.176.224.236 at Thu Feb 14 22:11:06 +0200 2013
Processing by UsersController#index as HTML
  Current user: admin (id=1)
  Rendered users/index.html.erb within layouts/admin (7.0ms)
  Rendered admin/_menu.html.erb (2.9ms)
  Rendered layouts/base.html.erb (8.4ms)
Completed 200 OK in 103ms (Views: 18.8ms | ActiveRecord: 1.4ms)
Started GET "/trackers" for 178.176.224.236 at Thu Feb 14 22:11:26 +0200 2013
Processing by TrackersController#index as HTML
  Current user: admin (id=1)
  Rendered trackers/index.html.erb within layouts/admin (11.6ms)
  Rendered admin/_menu.html.erb (2.6ms)
  Rendered layouts/base.html.erb (9.7ms)
Completed 200 OK in 30ms (Views: 24.3ms | ActiveRecord: 1.5ms)
Started GET "/users/current.json" for 93.125.26.31 at Fri Feb 15 00:54:54 +0200 2013
Processing by UsersController#show as JSON
  Parameters: {"id"=>"current"}
  Current user: anonymous
Filter chain halted as :find_user rendered or redirected
Completed 401 Unauthorized in 3ms (ActiveRecord: 0.3ms)
Started GET "/users" for 93.125.26.31 at Fri Feb 15 00:55:13 +0200 2013
Processing by UsersController#index as HTML
  Current user: admin (id=1)
  Rendered users/index.html.erb within layouts/admin (10.8ms)
  Rendered admin/_menu.html.erb (2.6ms)
  Rendered layouts/base.html.erb (82.7ms)
Completed 200 OK in 105ms (Views: 96.6ms | ActiveRecord: 1.7ms)
Started GET "/users/new" for 93.125.26.31 at Fri Feb 15 00:55:27 +0200 2013
Processing by UsersController#new as HTML
  Current user: admin (id=1)
  Rendered users/_mail_notifications.html.erb (2.3ms)
  Rendered users/_preferences.html.erb (12.8ms)
  Rendered users/_form.html.erb (21.8ms)
  Rendered users/new.html.erb within layouts/admin (24.5ms)
  Rendered admin/_menu.html.erb (4.5ms)
  Rendered layouts/base.html.erb (8.8ms)
Completed 200 OK in 50ms (Views: 44.0ms | ActiveRecord: 1.5ms)
Started POST "/users" for 93.125.26.31 at Fri Feb 15 00:55:58 +0200 2013
Processing by UsersController#create as HTML
  Parameters: {"pref"=>{"hide_mail"=>"0", "comments_sorting"=>"asc", "warn_on_leaving_unsaved"=>"1", "time_zone"=>""}, "authenticity_token"=>"ZGyIm8k6gnGj4xPSQuQrO4I0PDylxG9FMiyfLl0WH48=", "utf8"=>"✓", "commit"=>"Создать", "user"=>{"firstname"=>"123", "password_confirmation"=>"[FILTERED]", "mail_notification"=>"all", "mail"=>"ProjectManager", "password"=>"[FILTERED]", "login"=>"123", "language"=>"ru", "admin"=>"0", "lastname"=>"123"}}
  Current user: admin (id=1)
  Rendered users/_mail_notifications.html.erb (2.2ms)
  Rendered users/_preferences.html.erb (4.1ms)
  Rendered users/_form.html.erb (12.0ms)
  Rendered users/new.html.erb within layouts/admin (13.6ms)
  Rendered admin/_menu.html.erb (2.6ms)
  Rendered layouts/base.html.erb (82.8ms)
Completed 200 OK in 113ms (Views: 99.6ms | ActiveRecord: 1.7ms)
Started POST "/users" for 93.125.26.31 at Fri Feb 15 00:56:20 +0200 2013
Processing by UsersController#create as HTML
  Parameters: {"pref"=>{"hide_mail"=>"0", "comments_sorting"=>"asc", "warn_on_leaving_unsaved"=>"1", "time_zone"=>""}, "authenticity_token"=>"ZGyIm8k6gnGj4xPSQuQrO4I0PDylxG9FMiyfLl0WH48=", "utf8"=>"✓", "commit"=>"Создать", "user"=>{"firstname"=>"123", "password_confirmation"=>"[FILTERED]", "mail_notification"=>"all", "mail"=>"moon-martin@mail.ru", "password"=>"[FILTERED]", "login"=>"123", "language"=>"ru", "admin"=>"0", "lastname"=>"123"}}
  Current user: admin (id=1)
  Rendered users/_mail_notifications.html.erb (1.3ms)
  Rendered users/_preferences.html.erb (4.3ms)
  Rendered users/_form.html.erb (8.7ms)
  Rendered users/new.html.erb within layouts/admin (9.8ms)
  Rendered admin/_menu.html.erb (2.7ms)
  Rendered layouts/base.html.erb (8.9ms)
Completed 200 OK in 31ms (Views: 22.0ms | ActiveRecord: 1.4ms)
Started POST "/users" for 93.125.26.31 at Fri Feb 15 00:56:26 +0200 2013
Processing by UsersController#create as HTML
  Parameters: {"pref"=>{"hide_mail"=>"0", "comments_sorting"=>"asc", "warn_on_leaving_unsaved"=>"1", "time_zone"=>""}, "authenticity_token"=>"ZGyIm8k6gnGj4xPSQuQrO4I0PDylxG9FMiyfLl0WH48=", "utf8"=>"✓", "commit"=>"Создать", "user"=>{"firstname"=>"123", "password_confirmation"=>"[FILTERED]", "mail_notification"=>"all", "mail"=>"moon-martin@mail.ru", "password"=>"[FILTERED]", "login"=>"123", "language"=>"ru", "admin"=>"0", "lastname"=>"123"}}
  Current user: admin (id=1)
Redirected to http://195.16.88.5:3000/users/10/edit
Completed 302 Found in 56ms (ActiveRecord: 31.6ms)
Started GET "/users/10/edit" for 93.125.26.31 at Fri Feb 15 00:56:26 +0200 2013
Processing by UsersController#edit as HTML
  Parameters: {"id"=>"10"}
  Current user: admin (id=1)
  Rendered users/_mail_notifications.html.erb (79.4ms)
  Rendered users/_preferences.html.erb (4.8ms)
  Rendered users/_form.html.erb (90.4ms)
  Rendered users/_general.html.erb (91.6ms)
  Rendered users/_groups.html.erb (8.2ms)
  Rendered users/_memberships.html.erb (19.9ms)
  Rendered common/_tabs.html.erb (121.9ms)
  Rendered users/edit.html.erb within layouts/admin (125.8ms)
  Rendered admin/_menu.html.erb (2.7ms)
  Rendered layouts/base.html.erb (82.4ms)
Completed 200 OK in 217ms (Views: 208.0ms | ActiveRecord: 4.7ms)
Started GET "/users" for 93.125.26.31 at Fri Feb 15 00:56:30 +0200 2013
Processing by UsersController#index as HTML
  Current user: admin (id=1)
  Rendered users/index.html.erb within layouts/admin (8.0ms)
  Rendered admin/_menu.html.erb (2.7ms)
  Rendered layouts/base.html.erb (8.1ms)
Completed 200 OK in 24ms (Views: 19.3ms | ActiveRecord: 1.2ms)
Started GET "/users/10/edit" for 93.125.26.31 at Fri Feb 15 00:56:39 +0200 2013
Processing by UsersController#edit as HTML
  Parameters: {"id"=>"10"}
  Current user: admin (id=1)
  Rendered users/_mail_notifications.html.erb (8.8ms)
  Rendered users/_preferences.html.erb (4.5ms)
  Rendered users/_form.html.erb (19.9ms)
  Rendered users/_general.html.erb (21.1ms)
  Rendered users/_groups.html.erb (81.8ms)
  Rendered users/_memberships.html.erb (21.3ms)
  Rendered common/_tabs.html.erb (126.5ms)
  Rendered users/edit.html.erb within layouts/admin (130.4ms)
  Rendered admin/_menu.html.erb (2.7ms)
  Rendered layouts/base.html.erb (8.7ms)
Completed 200 OK in 148ms (Views: 138.9ms | ActiveRecord: 4.8ms)
Started GET "/users/current.json" for 93.125.26.31 at Fri Feb 15 00:56:56 +0200 2013
Processing by UsersController#show as JSON
  Parameters: {"id"=>"current"}
  Current user: anonymous
Filter chain halted as :find_user rendered or redirected
Completed 401 Unauthorized in 3ms (ActiveRecord: 0.3ms)
Started GET "/my/page" for 93.125.26.31 at Fri Feb 15 00:57:24 +0200 2013
Processing by MyController#page as HTML
  Current user: admin (id=1)
  Rendered issues/_list_simple.html.erb (0.1ms)
  Rendered my/blocks/_issuesassignedtome.html.erb (87.5ms)
  Rendered issues/_list_simple.html.erb (0.1ms)
  Rendered my/blocks/_issuesreportedbyme.html.erb (5.1ms)
  Rendered my/page.html.erb within layouts/base (94.3ms)
Completed 200 OK in 107ms (Views: 101.3ms | ActiveRecord: 2.2ms)
Started GET "/my/account" for 93.125.26.31 at Fri Feb 15 00:57:33 +0200 2013
Processing by MyController#account as HTML
  Current user: admin (id=1)
  Rendered users/_mail_notifications.html.erb (11.7ms)
  Rendered users/_preferences.html.erb (8.2ms)
  Rendered my/_sidebar.html.erb (2.8ms)
  Rendered my/account.html.erb within layouts/base (31.8ms)
Completed 200 OK in 55ms (Views: 48.5ms | ActiveRecord: 1.8ms)
Started GET "/admin" for 93.125.26.31 at Fri Feb 15 00:57:38 +0200 2013
Processing by AdminController#index as HTML
  Current user: admin (id=1)
  Rendered admin/_menu.html.erb (5.3ms)
  Rendered admin/index.html.erb within layouts/admin (5.8ms)
  Rendered layouts/base.html.erb (16.1ms)
Completed 200 OK in 27ms (Views: 22.3ms | ActiveRecord: 1.2ms)
Started GET "/admin/plugins" for 93.125.26.31 at Fri Feb 15 00:57:42 +0200 2013
Processing by AdminController#plugins as HTML
  Current user: admin (id=1)
  Rendered admin/plugins.html.erb within layouts/admin (0.2ms)
  Rendered admin/_menu.html.erb (84.3ms)
  Rendered layouts/base.html.erb (9.8ms)
Completed 200 OK in 99ms (Views: 95.3ms | ActiveRecord: 0.8ms)
Started GET "/projects" for 93.125.26.31 at Fri Feb 15 00:57:44 +0200 2013
Processing by ProjectsController#index as HTML
  Current user: admin (id=1)
  Rendered projects/index.html.erb within layouts/base (25.3ms)
Completed 200 OK in 38ms (Views: 30.7ms | ActiveRecord: 1.8ms)
Started GET "/projects/pulsini" for 93.125.26.31 at Fri Feb 15 00:57:52 +0200 2013
Processing by ProjectsController#show as HTML
  Parameters: {"id"=>"pulsini"}
  Current user: admin (id=1)
  Rendered projects/_members_box.html.erb (0.0ms)
  Rendered projects/show.html.erb within layouts/base (5.1ms)
Completed 200 OK in 43ms (Views: 20.4ms | ActiveRecord: 3.2ms)
Started GET "/users/current.json" for 93.125.26.31 at Fri Feb 15 01:09:43 +0200 2013
Processing by UsersController#show as JSON
  Parameters: {"id"=>"current"}
  Current user: anonymous
Filter chain halted as :find_user rendered or redirected
Completed 401 Unauthorized in 84ms (ActiveRecord: 0.5ms)
Started GET "/my/account" for 93.125.26.31 at Fri Feb 15 01:09:45 +0200 2013
Processing by MyController#account as HTML
  Current user: anonymous
Redirected to http://195.16.88.5:3000/login?back_url=http%3A%2F%2F195.16.88.5%3A3000%2Fmy%2Faccount
Filter chain halted as :require_login rendered or redirected
Completed 302 Found in 4ms (ActiveRecord: 0.5ms)
Started GET "/login?back_url=http%3A%2F%2F195.16.88.5%3A3000%2Fmy%2Faccount" for 93.125.26.31 at Fri Feb 15 01:09:45 +0200 2013
Processing by AccountController#login as HTML
  Parameters: {"back_url"=>"http://195.16.88.5:3000/my/account"}
  Current user: anonymous
  Rendered account/login.html.erb within layouts/base (2.1ms)
Completed 200 OK in 11ms (Views: 8.7ms | ActiveRecord: 0.5ms)
Started POST "/login" for 93.125.26.31 at Fri Feb 15 01:10:12 +0200 2013
Processing by AccountController#login as HTML
  Parameters: {"autologin"=>"1", "password"=>"[FILTERED]", "back_url"=>"http://195.16.88.5:3000/my/account", "authenticity_token"=>"BSlpCYmdi6IboOZrpbQPGssFqxz6A6HLeryk6dEP1OI=", "utf8"=>"✓", "login"=>"Вход »", "username"=>"admin"}
  Current user: anonymous
Successful authentication for 'admin' from 93.125.26.31 at Thu Feb 14 23:10:12 UTC 2013
Redirected to http://195.16.88.5:3000/my/account
Completed 302 Found in 57ms (ActiveRecord: 25.1ms)
Started GET "/my/account" for 93.125.26.31 at Fri Feb 15 01:10:12 +0200 2013
Processing by MyController#account as HTML
  Current user: admin (id=1)
  Rendered users/_mail_notifications.html.erb (6.9ms)
  Rendered users/_preferences.html.erb (4.3ms)
  Rendered my/_sidebar.html.erb (77.1ms)
  Rendered my/account.html.erb within layouts/base (92.8ms)
Completed 200 OK in 103ms (Views: 97.6ms | ActiveRecord: 1.4ms)
Started GET "/my/account" for 93.125.26.31 at Fri Feb 15 01:10:42 +0200 2013
Processing by MyController#account as HTML
  Current user: admin (id=1)
  Rendered users/_mail_notifications.html.erb (12.1ms)
  Rendered users/_preferences.html.erb (7.4ms)
  Rendered my/_sidebar.html.erb (2.1ms)
  Rendered my/account.html.erb within layouts/base (28.4ms)
Completed 200 OK in 38ms (Views: 32.3ms | ActiveRecord: 1.9ms)
Started GET "/" for 93.125.26.31 at Fri Feb 15 01:15:47 +0200 2013
Processing by WelcomeController#index as HTML
  Current user: admin (id=1)
  Rendered welcome/index.html.erb within layouts/base (11.2ms)
Completed 200 OK in 29ms (Views: 19.5ms | ActiveRecord: 1.9ms)
Started GET "/admin" for 93.125.26.31 at Fri Feb 15 01:17:15 +0200 2013
Processing by AdminController#index as HTML
  Current user: admin (id=1)
  Rendered admin/_menu.html.erb (2.6ms)
  Rendered admin/index.html.erb within layouts/admin (3.0ms)
  Rendered layouts/base.html.erb (84.4ms)
Completed 200 OK in 90ms (Views: 87.6ms | ActiveRecord: 0.8ms)
Started GET "/settings" for 93.125.26.31 at Fri Feb 15 01:17:21 +0200 2013
Processing by SettingsController#index as HTML
  Current user: admin (id=1)
  Rendered settings/_general.html.erb (6.8ms)
  Rendered settings/_display.html.erb (8.4ms)
  Rendered settings/_authentication.html.erb (5.7ms)
  Rendered settings/_projects.html.erb (3.0ms)
  Rendered queries/_columns.html.erb (2.9ms)
  Rendered settings/_issues.html.erb (6.0ms)
  Rendered settings/_notifications.html.erb (0.1ms)
  Rendered settings/_mail_handler.html.erb (1.0ms)
  Rendered settings/_repositories.html.erb (5.9ms)
  Rendered common/_tabs.html.erb (42.6ms)
  Rendered settings/edit.html.erb within layouts/admin (43.1ms)
  Rendered admin/_menu.html.erb (2.8ms)
  Rendered layouts/base.html.erb (8.9ms)
Completed 200 OK in 60ms (Views: 54.9ms | ActiveRecord: 1.5ms)
Started POST "/settings/edit?tab=authentication" for 93.125.26.31 at Fri Feb 15 01:18:13 +0200 2013
Processing by SettingsController#edit as HTML
  Parameters: {"settings"=>{"autologin"=>"365", "self_registration"=>"0", "unsubscribe"=>"0", "openid"=>"1", "login_required"=>"0", "rest_api_enabled"=>"1", "lost_password"=>"[FILTERED]", "password_min_length"=>"[FILTERED]", "session_lifetime"=>"0", "session_timeout"=>"0"}, "authenticity_token"=>"ZGyIm8k6gnGj4xPSQuQrO4I0PDylxG9FMiyfLl0WH48=", "utf8"=>"✓", "commit"=>"Сохранить", "tab"=>"authentication"}
  Current user: admin (id=1)
Redirected to http://195.16.88.5:3000/settings/edit?tab=authentication
Completed 302 Found in 107ms (ActiveRecord: 7.3ms)
Started GET "/settings/edit?tab=authentication" for 93.125.26.31 at Fri Feb 15 01:18:13 +0200 2013
Processing by SettingsController#edit as HTML
  Parameters: {"tab"=>"authentication"}
Settings cache cleared.
  Current user: admin (id=1)
  Rendered settings/_general.html.erb (13.2ms)
  Rendered settings/_display.html.erb (8.6ms)
  Rendered settings/_authentication.html.erb (7.4ms)
  Rendered settings/_projects.html.erb (4.7ms)
  Rendered queries/_columns.html.erb (3.2ms)
  Rendered settings/_issues.html.erb (86.0ms)
  Rendered settings/_notifications.html.erb (0.1ms)
  Rendered settings/_mail_handler.html.erb (3.1ms)
  Rendered settings/_repositories.html.erb (12.3ms)
  Rendered common/_tabs.html.erb (140.8ms)
  Rendered settings/edit.html.erb within layouts/admin (141.3ms)
  Rendered admin/_menu.html.erb (2.7ms)
  Rendered layouts/base.html.erb (8.9ms)
Completed 200 OK in 160ms (Views: 147.4ms | ActiveRecord: 7.4ms)
Started GET "/users/current.json" for 93.125.26.31 at Fri Feb 15 01:18:23 +0200 2013
Processing by UsersController#show as JSON
  Parameters: {"id"=>"current"}
  Current user: admin (id=1)
  Rendered users/show.api.rsb (1.4ms)
Completed 200 OK in 138ms (Views: 22.8ms | ActiveRecord: 7.9ms)
Started GET "/projects.json?limit=100" for 93.125.26.31 at Fri Feb 15 01:18:44 +0200 2013
Processing by ProjectsController#index as JSON
  Parameters: {"limit"=>"100"}
  Current user: admin (id=1)
  Rendered projects/index.api.rsb (45.5ms)
Completed 200 OK in 66ms (Views: 44.1ms | ActiveRecord: 9.6ms)
Started GET "/issues.json?set_filter=1&&fields%5B%5D=status_id&operators%5Bstatus_id%5D=*&values%5Bstatus_id%5D%5B%5D=0" for 93.125.26.31 at Fri Feb 15 01:18:45 +0200 2013
Processing by IssuesController#index as JSON
  Parameters: {"values"=>{"status_id"=>["0"]}, "fields"=>["status_id"], "set_filter"=>"1", "operators"=>{"status_id"=>"*"}}
  Current user: admin (id=1)
  Rendered issues/index.api.rsb (0.5ms)
Completed 200 OK in 52ms (Views: 10.0ms | ActiveRecord: 6.7ms)
Started GET "/projects/4.json?include%5B%5D=trackers" for 93.125.26.31 at Fri Feb 15 01:18:52 +0200 2013
Processing by ProjectsController#show as JSON
  Parameters: {"include"=>["trackers"], "id"=>"4"}
  Current user: admin (id=1)
  Rendered projects/show.api.rsb (4.7ms)
Completed 200 OK in 62ms (Views: 18.6ms | ActiveRecord: 10.1ms)
Started GET "/projects/4/time_entries.json" for 93.125.26.31 at Fri Feb 15 01:18:52 +0200 2013
Processing by TimelogController#index as JSON
  Parameters: {"project_id"=>"4"}
  Current user: admin (id=1)
  Rendered timelog/index.api.rsb (0.7ms)
Completed 200 OK in 37ms (Views: 13.2ms | ActiveRecord: 2.0ms)
Started GET "/projects/4/issues.json?set_filter=1&offset=0" for 93.125.26.31 at Fri Feb 15 01:18:56 +0200 2013
Processing by IssuesController#index as JSON
  Parameters: {"offset"=>"0", "project_id"=>"4", "set_filter"=>"1"}
  Current user: admin (id=1)
  Rendered issues/index.api.rsb (0.2ms)
Completed 200 OK in 127ms (Views: 0.7ms | ActiveRecord: 10.6ms)
Started GET "/projects/9.json?include%5B%5D=trackers" for 93.125.26.31 at Fri Feb 15 01:19:01 +0200 2013
Processing by ProjectsController#show as JSON
  Parameters: {"include"=>["trackers"], "id"=>"9"}
  Current user: admin (id=1)
  Rendered projects/show.api.rsb (7.0ms)
Completed 200 OK in 48ms (Views: 6.9ms | ActiveRecord: 10.4ms)
Started GET "/projects/9/time_entries.json" for 93.125.26.31 at Fri Feb 15 01:19:01 +0200 2013
Processing by TimelogController#index as JSON
  Parameters: {"project_id"=>"9"}
  Current user: admin (id=1)
  Rendered timelog/index.api.rsb (0.2ms)
Completed 200 OK in 13ms (Views: 0.7ms | ActiveRecord: 1.3ms)
Started GET "/projects/9/issues.json?set_filter=1&offset=0" for 93.125.26.31 at Fri Feb 15 01:19:02 +0200 2013
Processing by IssuesController#index as JSON
  Parameters: {"offset"=>"0", "project_id"=>"9", "set_filter"=>"1"}
  Current user: admin (id=1)
  Rendered issues/index.api.rsb (0.3ms)
Completed 200 OK in 122ms (Views: 0.7ms | ActiveRecord: 16.1ms)
Started GET "/my/page" for 93.125.26.31 at Fri Feb 15 01:20:18 +0200 2013
Processing by MyController#page as HTML
  Current user: admin (id=1)
  Rendered issues/_list_simple.html.erb (0.2ms)
  Rendered my/blocks/_issuesassignedtome.html.erb (15.0ms)
  Rendered issues/_list_simple.html.erb (0.1ms)
  Rendered my/blocks/_issuesreportedbyme.html.erb (4.9ms)
  Rendered my/page.html.erb within layouts/base (21.8ms)
Completed 200 OK in 35ms (Views: 28.1ms | ActiveRecord: 2.6ms)
Started GET "/" for 93.125.26.31 at Fri Feb 15 01:20:20 +0200 2013
Processing by WelcomeController#index as HTML
  Current user: admin (id=1)
  Rendered welcome/index.html.erb within layouts/base (10.2ms)
Completed 200 OK in 27ms (Views: 18.1ms | ActiveRecord: 1.8ms)
Started GET "/admin" for 93.125.26.31 at Fri Feb 15 01:20:22 +0200 2013
Processing by AdminController#index as HTML
  Current user: admin (id=1)
  Rendered admin/_menu.html.erb (5.2ms)
  Rendered admin/index.html.erb within layouts/admin (5.7ms)
  Rendered layouts/base.html.erb (90.9ms)
Completed 200 OK in 102ms (Views: 97.1ms | ActiveRecord: 1.0ms)
Started GET "/settings" for 93.125.26.31 at Fri Feb 15 01:20:24 +0200 2013
Processing by SettingsController#index as HTML
  Current user: admin (id=1)
  Rendered settings/_general.html.erb (6.8ms)
  Rendered settings/_display.html.erb (6.6ms)
  Rendered settings/_authentication.html.erb (3.0ms)
  Rendered settings/_projects.html.erb (3.1ms)
  Rendered queries/_columns.html.erb (2.9ms)
  Rendered settings/_issues.html.erb (6.1ms)
  Rendered settings/_notifications.html.erb (0.1ms)
  Rendered settings/_mail_handler.html.erb (1.1ms)
  Rendered settings/_repositories.html.erb (6.1ms)
  Rendered common/_tabs.html.erb (38.2ms)
  Rendered settings/edit.html.erb within layouts/admin (38.7ms)
  Rendered admin/_menu.html.erb (2.7ms)
  Rendered layouts/base.html.erb (8.9ms)
Completed 200 OK in 55ms (Views: 50.4ms | ActiveRecord: 1.5ms)
Started POST "/settings/edit?tab=display" for 93.125.26.31 at Fri Feb 15 01:20:57 +0200 2013
Processing by SettingsController#edit as HTML
  Parameters: {"settings"=>{"user_format"=>"firstname_lastname", "start_of_week"=>"", "gravatar_default"=>"retro", "thumbnails_size"=>"100", "default_language"=>"ru", "ui_theme"=>"coffee", "date_format"=>"", "thumbnails_enabled"=>"1", "time_format"=>"", "gravatar_enabled"=>"0"}, "authenticity_token"=>"ZGyIm8k6gnGj4xPSQuQrO4I0PDylxG9FMiyfLl0WH48=", "utf8"=>"✓", "commit"=>"Сохранить", "tab"=>"display"}
  Current user: admin (id=1)
Redirected to http://195.16.88.5:3000/settings/edit?tab=display
Completed 302 Found in 108ms (ActiveRecord: 12.3ms)
Started GET "/settings/edit?tab=display" for 93.125.26.31 at Fri Feb 15 01:20:57 +0200 2013
Processing by SettingsController#edit as HTML
  Parameters: {"tab"=>"display"}
Settings cache cleared.
  Current user: admin (id=1)
  Rendered settings/_general.html.erb (17.3ms)
  Rendered settings/_display.html.erb (8.7ms)
  Rendered settings/_authentication.html.erb (7.6ms)
  Rendered settings/_projects.html.erb (4.8ms)
  Rendered queries/_columns.html.erb (3.3ms)
  Rendered settings/_issues.html.erb (86.3ms)
  Rendered settings/_notifications.html.erb (0.2ms)
  Rendered settings/_mail_handler.html.erb (3.1ms)
  Rendered settings/_repositories.html.erb (12.2ms)
  Rendered common/_tabs.html.erb (145.7ms)
  Rendered settings/edit.html.erb within layouts/admin (146.2ms)
  Rendered admin/_menu.html.erb (2.8ms)
  Rendered layouts/base.html.erb (9.0ms)
Completed 200 OK in 163ms (Views: 152.7ms | ActiveRecord: 6.9ms)
Started POST "/settings/edit?tab=projects" for 93.125.26.31 at Fri Feb 15 01:21:15 +0200 2013
Processing by SettingsController#edit as HTML
  Parameters: {"settings"=>{"default_projects_modules"=>["", "issue_tracking", "time_tracking", "news", "documents", "files", "wiki", "repository", "boards", "calendar", "gantt"], "default_projects_public"=>"0", "sequential_project_identifiers"=>"1", "new_project_user_role_id"=>"3"}, "authenticity_token"=>"ZGyIm8k6gnGj4xPSQuQrO4I0PDylxG9FMiyfLl0WH48=", "utf8"=>"✓", "commit"=>"Сохранить", "tab"=>"projects"}
  Current user: admin (id=1)
Redirected to http://195.16.88.5:3000/settings/edit?tab=projects
Completed 302 Found in 16ms (ActiveRecord: 1.8ms)
Started GET "/settings/edit?tab=projects" for 93.125.26.31 at Fri Feb 15 01:21:15 +0200 2013
Processing by SettingsController#edit as HTML
  Parameters: {"tab"=>"projects"}
  Current user: admin (id=1)
  Rendered settings/_general.html.erb (79.0ms)
  Rendered settings/_display.html.erb (4.7ms)
  Rendered settings/_authentication.html.erb (3.1ms)
  Rendered settings/_projects.html.erb (5.5ms)
  Rendered queries/_columns.html.erb (3.0ms)
  Rendered settings/_issues.html.erb (6.3ms)
  Rendered settings/_notifications.html.erb (0.1ms)
  Rendered settings/_mail_handler.html.erb (1.0ms)
  Rendered settings/_repositories.html.erb (6.1ms)
  Rendered common/_tabs.html.erb (111.1ms)
  Rendered settings/edit.html.erb within layouts/admin (111.5ms)
  Rendered admin/_menu.html.erb (2.7ms)
  Rendered layouts/base.html.erb (8.9ms)
Completed 200 OK in 128ms (Views: 122.9ms | ActiveRecord: 1.8ms)
Started POST "/settings/edit?tab=issues" for 93.125.26.31 at Fri Feb 15 01:22:10 +0200 2013
Processing by SettingsController#edit as HTML
  Parameters: {"settings"=>{"gantt_items_limit"=>"500", "issues_export_limit"=>"500", "issue_list_default_columns"=>["tracker", "status", "priority", "subject", "assigned_to", "updated_on", "project", "author", "category", "relations"], "issue_group_assignment"=>"0", "default_issue_start_date_to_creation_date"=>"1", "display_subprojects_issues"=>"1", "non_working_week_days"=>["", "6", "7"], "issue_done_ratio"=>"issue_field", "cross_project_subtasks"=>"tree", "cross_project_issue_relations"=>"0"}, "available_columns"=>["due_date"], "authenticity_token"=>"ZGyIm8k6gnGj4xPSQuQrO4I0PDylxG9FMiyfLl0WH48=", "utf8"=>"✓", "commit"=>"Сохранить", "tab"=>"issues"}
  Current user: admin (id=1)
Redirected to http://195.16.88.5:3000/settings/edit?tab=issues
Completed 302 Found in 151ms (ActiveRecord: 42.8ms)
Started GET "/settings/edit?tab=issues" for 93.125.26.31 at Fri Feb 15 01:22:10 +0200 2013
Processing by SettingsController#edit as HTML
  Parameters: {"tab"=>"issues"}
Settings cache cleared.
  Current user: admin (id=1)
  Rendered settings/_general.html.erb (20.9ms)
  Rendered settings/_display.html.erb (8.8ms)
  Rendered settings/_authentication.html.erb (7.6ms)
  Rendered settings/_projects.html.erb (4.8ms)
  Rendered queries/_columns.html.erb (2.7ms)
  Rendered settings/_issues.html.erb (82.1ms)
  Rendered settings/_notifications.html.erb (0.2ms)
  Rendered settings/_mail_handler.html.erb (3.4ms)
  Rendered settings/_repositories.html.erb (12.9ms)
  Rendered common/_tabs.html.erb (147.3ms)
  Rendered settings/edit.html.erb within layouts/admin (147.7ms)
  Rendered admin/_menu.html.erb (2.8ms)
  Rendered layouts/base.html.erb (9.1ms)
Completed 200 OK in 165ms (Views: 153.9ms | ActiveRecord: 7.3ms)
Started POST "/settings/edit?tab=mail_handler" for 93.125.26.31 at Fri Feb 15 01:22:35 +0200 2013
Processing by SettingsController#edit as HTML
  Parameters: {"settings"=>{"mail_handler_body_delimiters"=>"", "mail_handler_api_enabled"=>"1", "mail_handler_api_key"=>"o7pSoHjLrSq0zVj20s5T"}, "authenticity_token"=>"ZGyIm8k6gnGj4xPSQuQrO4I0PDylxG9FMiyfLl0WH48=", "utf8"=>"✓", "commit"=>"Сохранить", "tab"=>"mail_handler"}
  Current user: admin (id=1)
Redirected to http://195.16.88.5:3000/settings/edit?tab=mail_handler
Completed 302 Found in 26ms (ActiveRecord: 13.0ms)
Started GET "/settings/edit?tab=mail_handler" for 93.125.26.31 at Fri Feb 15 01:22:35 +0200 2013
Processing by SettingsController#edit as HTML
  Parameters: {"tab"=>"mail_handler"}
Settings cache cleared.
  Current user: admin (id=1)
  Rendered settings/_general.html.erb (13.1ms)
  Rendered settings/_display.html.erb (82.4ms)
  Rendered settings/_authentication.html.erb (8.2ms)
  Rendered settings/_projects.html.erb (5.1ms)
  Rendered queries/_columns.html.erb (2.8ms)
  Rendered settings/_issues.html.erb (10.6ms)
  Rendered settings/_notifications.html.erb (0.1ms)
  Rendered settings/_mail_handler.html.erb (2.6ms)
  Rendered settings/_repositories.html.erb (11.3ms)
  Rendered common/_tabs.html.erb (138.9ms)
  Rendered settings/edit.html.erb within layouts/admin (211.6ms)
  Rendered admin/_menu.html.erb (2.9ms)
  Rendered layouts/base.html.erb (9.9ms)
Completed 200 OK in 230ms (Views: 220.2ms | ActiveRecord: 6.5ms)
Started POST "/settings/edit?tab=repositories" for 93.125.26.31 at Fri Feb 15 01:23:13 +0200 2013
Processing by SettingsController#edit as HTML
  Parameters: {"settings"=>{"commit_fix_done_ratio"=>"100", "sys_api_enabled"=>"1", "enabled_scm"=>["", "Subversion", "Darcs", "Mercurial", "Cvs", "Bazaar", "Git"], "commit_fix_keywords"=>"fixes,closes", "commit_fix_status_id"=>"0", "autofetch_changesets"=>"1", "repository_log_display_limit"=>"500", "commit_ref_keywords"=>"refs,references,IssueID", "commit_cross_project_ref"=>"1", "commit_logtime_enabled"=>"1", "sys_api_key"=>"LdxMEGqnrVOfe1lTs6MY", "commit_logtime_activity_id"=>"0"}, "authenticity_token"=>"ZGyIm8k6gnGj4xPSQuQrO4I0PDylxG9FMiyfLl0WH48=", "utf8"=>"✓", "commit"=>"Сохранить", "tab"=>"repositories"}
  Current user: admin (id=1)
Redirected to http://195.16.88.5:3000/settings/edit?tab=repositories
Completed 302 Found in 52ms (ActiveRecord: 18.8ms)
Started GET "/settings/edit?tab=repositories" for 93.125.26.31 at Fri Feb 15 01:23:13 +0200 2013
Processing by SettingsController#edit as HTML
  Parameters: {"tab"=>"repositories"}
Settings cache cleared.
  Current user: admin (id=1)
  Rendered settings/_general.html.erb (12.3ms)
  Rendered settings/_display.html.erb (83.9ms)
  Rendered settings/_authentication.html.erb (16.8ms)
  Rendered settings/_projects.html.erb (9.3ms)
  Rendered queries/_columns.html.erb (2.8ms)
  Rendered settings/_issues.html.erb (10.9ms)
  Rendered settings/_notifications.html.erb (0.1ms)
  Rendered settings/_mail_handler.html.erb (2.6ms)
  Rendered settings/_repositories.html.erb (11.4ms)
  Rendered common/_tabs.html.erb (154.3ms)
  Rendered settings/edit.html.erb within layouts/admin (154.8ms)
  Rendered admin/_menu.html.erb (2.7ms)
  Rendered layouts/base.html.erb (81.6ms)
Completed 200 OK in 244ms (Views: 233.1ms | ActiveRecord: 7.6ms)
Started GET "/custom_fields" for 93.125.26.31 at Fri Feb 15 01:23:17 +0200 2013
Processing by CustomFieldsController#index as HTML
  Current user: admin (id=1)
  Rendered custom_fields/_index.html.erb (0.8ms)
  Rendered custom_fields/_index.html.erb (0.4ms)
  Rendered custom_fields/_index.html.erb (0.4ms)
  Rendered custom_fields/_index.html.erb (0.4ms)
  Rendered custom_fields/_index.html.erb (0.4ms)
  Rendered custom_fields/_index.html.erb (0.4ms)
  Rendered custom_fields/_index.html.erb (0.4ms)
  Rendered custom_fields/_index.html.erb (1.1ms)
  Rendered custom_fields/_index.html.erb (0.4ms)
  Rendered common/_tabs.html.erb (11.9ms)
  Rendered custom_fields/index.html.erb within layouts/admin (12.3ms)
  Rendered admin/_menu.html.erb (3.1ms)
  Rendered layouts/base.html.erb (16.3ms)
Completed 200 OK in 37ms (Views: 32.4ms | ActiveRecord: 1.3ms)
Started GET "/custom_fields/new?type=TimeEntryCustomField" for 93.125.26.31 at Fri Feb 15 01:23:23 +0200 2013
Processing by CustomFieldsController#new as HTML
  Parameters: {"type"=>"TimeEntryCustomField"}
  Current user: admin (id=1)
  Rendered custom_fields/_form.html.erb (6.0ms)
  Rendered custom_fields/new.html.erb within layouts/admin (15.4ms)
  Rendered admin/_menu.html.erb (5.4ms)
  Rendered layouts/base.html.erb (20.8ms)
Completed 200 OK in 151ms (Views: 54.1ms | ActiveRecord: 1.2ms)
Started GET "/custom_fields?tab=TimeEntryCustomField" for 93.125.26.31 at Fri Feb 15 01:23:37 +0200 2013
Processing by CustomFieldsController#index as HTML
  Parameters: {"tab"=>"TimeEntryCustomField"}
  Current user: admin (id=1)
  Rendered custom_fields/_index.html.erb (0.8ms)
  Rendered custom_fields/_index.html.erb (0.7ms)
  Rendered custom_fields/_index.html.erb (0.7ms)
  Rendered custom_fields/_index.html.erb (0.7ms)
  Rendered custom_fields/_index.html.erb (0.7ms)
  Rendered custom_fields/_index.html.erb (0.7ms)
  Rendered custom_fields/_index.html.erb (0.7ms)
  Rendered custom_fields/_index.html.erb (0.7ms)
  Rendered custom_fields/_index.html.erb (0.7ms)
  Rendered common/_tabs.html.erb (13.1ms)
  Rendered custom_fields/index.html.erb within layouts/admin (13.6ms)
  Rendered admin/_menu.html.erb (3.7ms)
  Rendered layouts/base.html.erb (9.0ms)
Completed 200 OK in [2013-02-15 01:33:52] ERROR SignalException: SIGTERM
	/usr/local/lib/ruby/1.8/webrick/server.rb:91:in `select'
[2013-02-15 08:06:55] INFO  WEBrick 1.3.1
[2013-02-15 08:06:55] INFO  ruby 1.8.7 (2012-02-08) [x86_64-linux]
[2013-02-15 08:06:55] INFO  WEBrick::HTTPServer#start: pid=4133 port=3000
